[2m2020-06-18 12:26:22.830[0;39m [32m INFO[0;39m [35m22184[0;39m [2m---[0;39m [2m[  restartedMain][0;39m [36mcom.ssafy.hh.HappyHouseFinalApplication [0;39m [2m:[0;39m Starting HappyHouseFinalApplication on DESKTOP-AF1J288 with PID 22184 (C:\Users\LeeSunSoo\Documents\workspace-sts-3.9.12.RELEASE\HappyHouseFinal\bin\main started by LeeSunSoo in C:\Users\LeeSunSoo\Documents\workspace-sts-3.9.12.RELEASE\HappyHouseFinal)
[2m2020-06-18 12:26:22.836[0;39m [32m INFO[0;39m [35m22184[0;39m [2m---[0;39m [2m[  restartedMain][0;39m [36mcom.ssafy.hh.HappyHouseFinalApplication [0;39m [2m:[0;39m No active profile set, falling back to default profiles: default
[2m2020-06-18 12:26:22.894[0;39m [32m INFO[0;39m [35m22184[0;39m [2m---[0;39m [2m[  restartedMain][0;39m [36m.e.DevToolsPropertyDefaultsPostProcessor[0;39m [2m:[0;39m Devtools property defaults active! Set 'spring.devtools.add-properties' to 'false' to disable
[2m2020-06-18 12:26:22.895[0;39m [32m INFO[0;39m [35m22184[0;39m [2m---[0;39m [2m[  restartedMain][0;39m [36m.e.DevToolsPropertyDefaultsPostProcessor[0;39m [2m:[0;39m For additional web related logging consider setting the 'logging.level.web' property to 'DEBUG'
[2m2020-06-18 12:26:24.230[0;39m [32m INFO[0;39m [35m22184[0;39m [2m---[0;39m [2m[  restartedMain][0;39m [36mtrationDelegate$BeanPostProcessorChecker[0;39m [2m:[0;39m Bean 'org.springframework.ws.config.annotation.DelegatingWsConfiguration' of type [org.springframework.ws.config.annotation.DelegatingWsConfiguration$$EnhancerBySpringCGLIB$$29993ab0] is not eligible for getting processed by all BeanPostProcessors (for example: not eligible for auto-proxying)
[2m2020-06-18 12:26:24.284[0;39m [32m INFO[0;39m [35m22184[0;39m [2m---[0;39m [2m[  restartedMain][0;39m [36m.w.s.a.s.AnnotationActionEndpointMapping[0;39m [2m:[0;39m Supporting [WS-Addressing August 2004, WS-Addressing 1.0]
[2m2020-06-18 12:26:24.813[0;39m [32m INFO[0;39m [35m22184[0;39m [2m---[0;39m [2m[  restartedMain][0;39m [36mo.s.b.w.embedded.tomcat.TomcatWebServer [0;39m [2m:[0;39m Tomcat initialized with port(s): 8080 (http)
[2m2020-06-18 12:26:24.823[0;39m [32m INFO[0;39m [35m22184[0;39m [2m---[0;39m [2m[  restartedMain][0;39m [36mo.a.coyote.http11.Http11NioProtocol     [0;39m [2m:[0;39m Initializing ProtocolHandler ["http-nio-8080"]
[2m2020-06-18 12:26:24.824[0;39m [32m INFO[0;39m [35m22184[0;39m [2m---[0;39m [2m[  restartedMain][0;39m [36mo.apache.catalina.core.StandardService  [0;39m [2m:[0;39m Starting service [Tomcat]
[2m2020-06-18 12:26:24.824[0;39m [32m INFO[0;39m [35m22184[0;39m [2m---[0;39m [2m[  restartedMain][0;39m [36morg.apache.catalina.core.StandardEngine [0;39m [2m:[0;39m Starting Servlet engine: [Apache Tomcat/9.0.34]
[2m2020-06-18 12:26:25.106[0;39m [32m INFO[0;39m [35m22184[0;39m [2m---[0;39m [2m[  restartedMain][0;39m [36morg.apache.jasper.servlet.TldScanner    [0;39m [2m:[0;39m At least one JAR was scanned for TLDs yet contained no TLDs. Enable debug logging for this logger for a complete list of JARs that were scanned but no TLDs were found in them. Skipping unneeded JARs during scanning can improve startup time and JSP compilation time.
[2m2020-06-18 12:26:25.115[0;39m [32m INFO[0;39m [35m22184[0;39m [2m---[0;39m [2m[  restartedMain][0;39m [36mo.a.c.c.C.[Tomcat].[localhost].[/]      [0;39m [2m:[0;39m Initializing Spring embedded WebApplicationContext
[2m2020-06-18 12:26:25.116[0;39m [32m INFO[0;39m [35m22184[0;39m [2m---[0;39m [2m[  restartedMain][0;39m [36mo.s.web.context.ContextLoader           [0;39m [2m:[0;39m Root WebApplicationContext: initialization completed in 2220 ms
[2m2020-06-18 12:26:25.995[0;39m [32m INFO[0;39m [35m22184[0;39m [2m---[0;39m [2m[  restartedMain][0;39m [36mo.s.s.concurrent.ThreadPoolTaskExecutor [0;39m [2m:[0;39m Initializing ExecutorService 'applicationTaskExecutor'
[2m2020-06-18 12:26:26.121[0;39m [32m INFO[0;39m [35m22184[0;39m [2m---[0;39m [2m[  restartedMain][0;39m [36mo.s.b.a.w.s.WelcomePageHandlerMapping   [0;39m [2m:[0;39m Adding welcome page: class path resource [static/index.html]
[2m2020-06-18 12:26:26.474[0;39m [32m INFO[0;39m [35m22184[0;39m [2m---[0;39m [2m[  restartedMain][0;39m [36mo.s.b.d.a.OptionalLiveReloadServer      [0;39m [2m:[0;39m LiveReload server is running on port 35729
[2m2020-06-18 12:26:26.517[0;39m [32m INFO[0;39m [35m22184[0;39m [2m---[0;39m [2m[  restartedMain][0;39m [36mo.a.coyote.http11.Http11NioProtocol     [0;39m [2m:[0;39m Starting ProtocolHandler ["http-nio-8080"]
[2m2020-06-18 12:26:26.572[0;39m [32m INFO[0;39m [35m22184[0;39m [2m---[0;39m [2m[  restartedMain][0;39m [36mo.s.b.w.embedded.tomcat.TomcatWebServer [0;39m [2m:[0;39m Tomcat started on port(s): 8080 (http) with context path ''
[2m2020-06-18 12:26:26.578[0;39m [32m INFO[0;39m [35m22184[0;39m [2m---[0;39m [2m[  restartedMain][0;39m [36mcom.ssafy.hh.HappyHouseFinalApplication [0;39m [2m:[0;39m Started HappyHouseFinalApplication in 4.259 seconds (JVM running for 6.482)
[2m2020-06-18 12:30:36.737[0;39m [32m INFO[0;39m [35m22184[0;39m [2m---[0;39m [2m[nio-8080-exec-1][0;39m [36mo.a.c.c.C.[Tomcat].[localhost].[/]      [0;39m [2m:[0;39m Initializing Spring DispatcherServlet 'dispatcherServlet'
[2m2020-06-18 12:30:36.738[0;39m [32m INFO[0;39m [35m22184[0;39m [2m---[0;39m [2m[nio-8080-exec-1][0;39m [36mo.s.web.servlet.DispatcherServlet       [0;39m [2m:[0;39m Initializing Servlet 'dispatcherServlet'
[2m2020-06-18 12:30:36.750[0;39m [32m INFO[0;39m [35m22184[0;39m [2m---[0;39m [2m[nio-8080-exec-1][0;39m [36mo.s.web.servlet.DispatcherServlet       [0;39m [2m:[0;39m Completed initialization in 12 ms
[2m2020-06-18 12:30:36.912[0;39m [32m INFO[0;39m [35m22184[0;39m [2m---[0;39m [2m[nio-8080-exec-1][0;39m [36mcom.zaxxer.hikari.HikariDataSource      [0;39m [2m:[0;39m HikariPool-1 - Starting...
[2m2020-06-18 12:30:37.523[0;39m [32m INFO[0;39m [35m22184[0;39m [2m---[0;39m [2m[nio-8080-exec-1][0;39m [36mcom.zaxxer.hikari.HikariDataSource      [0;39m [2m:[0;39m HikariPool-1 - Start completed.
[2m2020-06-18 13:33:36.387[0;39m [32m INFO[0;39m [35m22184[0;39m [2m---[0;39m [2m[on(2)-127.0.0.1][0;39m [36minMXBeanRegistrar$SpringApplicationAdmin[0;39m [2m:[0;39m Application shutdown requested.
[2m2020-06-18 13:33:36.439[0;39m [32m INFO[0;39m [35m22184[0;39m [2m---[0;39m [2m[on(2)-127.0.0.1][0;39m [36mo.s.s.concurrent.ThreadPoolTaskExecutor [0;39m [2m:[0;39m Shutting down ExecutorService 'applicationTaskExecutor'
[2m2020-06-18 13:33:36.445[0;39m [32m INFO[0;39m [35m22184[0;39m [2m---[0;39m [2m[on(2)-127.0.0.1][0;39m [36mcom.zaxxer.hikari.HikariDataSource      [0;39m [2m:[0;39m HikariPool-1 - Shutdown initiated...
[2m2020-06-18 13:33:36.452[0;39m [32m INFO[0;39m [35m22184[0;39m [2m---[0;39m [2m[on(2)-127.0.0.1][0;39m [36mcom.zaxxer.hikari.HikariDataSource      [0;39m [2m:[0;39m HikariPool-1 - Shutdown completed.
[2m2020-06-18 13:34:32.907[0;39m [32m INFO[0;39m [35m30032[0;39m [2m---[0;39m [2m[  restartedMain][0;39m [36mcom.ssafy.hh.HappyHouseFinalApplication [0;39m [2m:[0;39m Starting HappyHouseFinalApplication on DESKTOP-AF1J288 with PID 30032 (C:\Users\LeeSunSoo\Documents\workspace-sts-3.9.12.RELEASE\HappyHouseFinal\bin\main started by LeeSunSoo in C:\Users\LeeSunSoo\Documents\workspace-sts-3.9.12.RELEASE\HappyHouseFinal)
[2m2020-06-18 13:34:32.912[0;39m [32m INFO[0;39m [35m30032[0;39m [2m---[0;39m [2m[  restartedMain][0;39m [36mcom.ssafy.hh.HappyHouseFinalApplication [0;39m [2m:[0;39m No active profile set, falling back to default profiles: default
[2m2020-06-18 13:34:32.973[0;39m [32m INFO[0;39m [35m30032[0;39m [2m---[0;39m [2m[  restartedMain][0;39m [36m.e.DevToolsPropertyDefaultsPostProcessor[0;39m [2m:[0;39m Devtools property defaults active! Set 'spring.devtools.add-properties' to 'false' to disable
[2m2020-06-18 13:34:32.974[0;39m [32m INFO[0;39m [35m30032[0;39m [2m---[0;39m [2m[  restartedMain][0;39m [36m.e.DevToolsPropertyDefaultsPostProcessor[0;39m [2m:[0;39m For additional web related logging consider setting the 'logging.level.web' property to 'DEBUG'
[2m2020-06-18 13:34:34.373[0;39m [32m INFO[0;39m [35m30032[0;39m [2m---[0;39m [2m[  restartedMain][0;39m [36mtrationDelegate$BeanPostProcessorChecker[0;39m [2m:[0;39m Bean 'org.springframework.ws.config.annotation.DelegatingWsConfiguration' of type [org.springframework.ws.config.annotation.DelegatingWsConfiguration$$EnhancerBySpringCGLIB$$9958f6b] is not eligible for getting processed by all BeanPostProcessors (for example: not eligible for auto-proxying)
[2m2020-06-18 13:34:34.433[0;39m [32m INFO[0;39m [35m30032[0;39m [2m---[0;39m [2m[  restartedMain][0;39m [36m.w.s.a.s.AnnotationActionEndpointMapping[0;39m [2m:[0;39m Supporting [WS-Addressing August 2004, WS-Addressing 1.0]
[2m2020-06-18 13:34:35.042[0;39m [32m INFO[0;39m [35m30032[0;39m [2m---[0;39m [2m[  restartedMain][0;39m [36mo.s.b.w.embedded.tomcat.TomcatWebServer [0;39m [2m:[0;39m Tomcat initialized with port(s): 8080 (http)
[2m2020-06-18 13:34:35.054[0;39m [32m INFO[0;39m [35m30032[0;39m [2m---[0;39m [2m[  restartedMain][0;39m [36mo.a.coyote.http11.Http11NioProtocol     [0;39m [2m:[0;39m Initializing ProtocolHandler ["http-nio-8080"]
[2m2020-06-18 13:34:35.054[0;39m [32m INFO[0;39m [35m30032[0;39m [2m---[0;39m [2m[  restartedMain][0;39m [36mo.apache.catalina.core.StandardService  [0;39m [2m:[0;39m Starting service [Tomcat]
[2m2020-06-18 13:34:35.055[0;39m [32m INFO[0;39m [35m30032[0;39m [2m---[0;39m [2m[  restartedMain][0;39m [36morg.apache.catalina.core.StandardEngine [0;39m [2m:[0;39m Starting Servlet engine: [Apache Tomcat/9.0.34]
[2m2020-06-18 13:34:35.464[0;39m [32m INFO[0;39m [35m30032[0;39m [2m---[0;39m [2m[  restartedMain][0;39m [36morg.apache.jasper.servlet.TldScanner    [0;39m [2m:[0;39m At least one JAR was scanned for TLDs yet contained no TLDs. Enable debug logging for this logger for a complete list of JARs that were scanned but no TLDs were found in them. Skipping unneeded JARs during scanning can improve startup time and JSP compilation time.
[2m2020-06-18 13:34:35.471[0;39m [32m INFO[0;39m [35m30032[0;39m [2m---[0;39m [2m[  restartedMain][0;39m [36mo.a.c.c.C.[Tomcat].[localhost].[/]      [0;39m [2m:[0;39m Initializing Spring embedded WebApplicationContext
[2m2020-06-18 13:34:35.472[0;39m [32m INFO[0;39m [35m30032[0;39m [2m---[0;39m [2m[  restartedMain][0;39m [36mo.s.web.context.ContextLoader           [0;39m [2m:[0;39m Root WebApplicationContext: initialization completed in 2498 ms
[2m2020-06-18 13:34:36.452[0;39m [32m INFO[0;39m [35m30032[0;39m [2m---[0;39m [2m[  restartedMain][0;39m [36mo.s.s.concurrent.ThreadPoolTaskExecutor [0;39m [2m:[0;39m Initializing ExecutorService 'applicationTaskExecutor'
[2m2020-06-18 13:34:36.682[0;39m [32m INFO[0;39m [35m30032[0;39m [2m---[0;39m [2m[  restartedMain][0;39m [36mo.s.b.a.w.s.WelcomePageHandlerMapping   [0;39m [2m:[0;39m Adding welcome page: class path resource [static/index.html]
[2m2020-06-18 13:34:37.202[0;39m [32m INFO[0;39m [35m30032[0;39m [2m---[0;39m [2m[  restartedMain][0;39m [36mo.s.b.d.a.OptionalLiveReloadServer      [0;39m [2m:[0;39m LiveReload server is running on port 35729
[2m2020-06-18 13:34:37.252[0;39m [32m INFO[0;39m [35m30032[0;39m [2m---[0;39m [2m[  restartedMain][0;39m [36mo.a.coyote.http11.Http11NioProtocol     [0;39m [2m:[0;39m Starting ProtocolHandler ["http-nio-8080"]
[2m2020-06-18 13:34:37.303[0;39m [32m INFO[0;39m [35m30032[0;39m [2m---[0;39m [2m[  restartedMain][0;39m [36mo.s.b.w.embedded.tomcat.TomcatWebServer [0;39m [2m:[0;39m Tomcat started on port(s): 8080 (http) with context path ''
[2m2020-06-18 13:34:37.309[0;39m [32m INFO[0;39m [35m30032[0;39m [2m---[0;39m [2m[  restartedMain][0;39m [36mcom.ssafy.hh.HappyHouseFinalApplication [0;39m [2m:[0;39m Started HappyHouseFinalApplication in 4.8 seconds (JVM running for 7.235)
[2m2020-06-18 13:34:37.387[0;39m [32m INFO[0;39m [35m30032[0;39m [2m---[0;39m [2m[nio-8080-exec-2][0;39m [36mo.a.c.c.C.[Tomcat].[localhost].[/]      [0;39m [2m:[0;39m Initializing Spring DispatcherServlet 'dispatcherServlet'
[2m2020-06-18 13:34:37.387[0;39m [32m INFO[0;39m [35m30032[0;39m [2m---[0;39m [2m[nio-8080-exec-2][0;39m [36mo.s.web.servlet.DispatcherServlet       [0;39m [2m:[0;39m Initializing Servlet 'dispatcherServlet'
[2m2020-06-18 13:34:37.404[0;39m [32m INFO[0;39m [35m30032[0;39m [2m---[0;39m [2m[nio-8080-exec-2][0;39m [36mo.s.web.servlet.DispatcherServlet       [0;39m [2m:[0;39m Completed initialization in 16 ms
[2m2020-06-18 13:34:37.452[0;39m [32m INFO[0;39m [35m30032[0;39m [2m---[0;39m [2m[nio-8080-exec-2][0;39m [36mcom.ssafy.hh.common.LoggerAspect        [0;39m [2m:[0;39m LoggerAspect : Before class com.ssafy.hh.move.controller.MoveController.index()
[2m2020-06-18 13:34:40.165[0;39m [32m INFO[0;39m [35m30032[0;39m [2m---[0;39m [2m[nio-8080-exec-9][0;39m [36mcom.zaxxer.hikari.HikariDataSource      [0;39m [2m:[0;39m HikariPool-1 - Starting...
[2m2020-06-18 13:34:40.652[0;39m [32m INFO[0;39m [35m30032[0;39m [2m---[0;39m [2m[nio-8080-exec-9][0;39m [36mcom.zaxxer.hikari.HikariDataSource      [0;39m [2m:[0;39m HikariPool-1 - Start completed.
[2m2020-06-18 13:55:29.248[0;39m [32m INFO[0;39m [35m30032[0;39m [2m---[0;39m [2m[on(2)-127.0.0.1][0;39m [36minMXBeanRegistrar$SpringApplicationAdmin[0;39m [2m:[0;39m Application shutdown requested.
[2m2020-06-18 13:55:29.320[0;39m [32m INFO[0;39m [35m30032[0;39m [2m---[0;39m [2m[on(2)-127.0.0.1][0;39m [36mo.s.s.concurrent.ThreadPoolTaskExecutor [0;39m [2m:[0;39m Shutting down ExecutorService 'applicationTaskExecutor'
[2m2020-06-18 13:55:29.321[0;39m [32m INFO[0;39m [35m30032[0;39m [2m---[0;39m [2m[on(2)-127.0.0.1][0;39m [36mcom.zaxxer.hikari.HikariDataSource      [0;39m [2m:[0;39m HikariPool-1 - Shutdown initiated...
[2m2020-06-18 13:55:29.337[0;39m [32m INFO[0;39m [35m30032[0;39m [2m---[0;39m [2m[on(2)-127.0.0.1][0;39m [36mcom.zaxxer.hikari.HikariDataSource      [0;39m [2m:[0;39m HikariPool-1 - Shutdown completed.
