[2m2020-06-20 22:02:01.741[0;39m [32m INFO[0;39m [35m5712[0;39m [2m---[0;39m [2m[  restartedMain][0;39m [36mcom.ssafy.hh.HappyHouseFinalApplication [0;39m [2m:[0;39m Starting HappyHouseFinalApplication on DESKTOP-AF1J288 with PID 5712 (C:\Users\LeeSunSoo\Documents\workspace-sts-3.9.12.RELEASE\HappyHouseFinal\bin\main started by LeeSunSoo in C:\Users\LeeSunSoo\Documents\workspace-sts-3.9.12.RELEASE\HappyHouseFinal)
[2m2020-06-20 22:02:01.748[0;39m [32m INFO[0;39m [35m5712[0;39m [2m---[0;39m [2m[  restartedMain][0;39m [36mcom.ssafy.hh.HappyHouseFinalApplication [0;39m [2m:[0;39m No active profile set, falling back to default profiles: default
[2m2020-06-20 22:02:01.805[0;39m [32m INFO[0;39m [35m5712[0;39m [2m---[0;39m [2m[  restartedMain][0;39m [36m.e.DevToolsPropertyDefaultsPostProcessor[0;39m [2m:[0;39m Devtools property defaults active! Set 'spring.devtools.add-properties' to 'false' to disable
[2m2020-06-20 22:02:01.805[0;39m [32m INFO[0;39m [35m5712[0;39m [2m---[0;39m [2m[  restartedMain][0;39m [36m.e.DevToolsPropertyDefaultsPostProcessor[0;39m [2m:[0;39m For additional web related logging consider setting the 'logging.level.web' property to 'DEBUG'
[2m2020-06-20 22:02:02.828[0;39m [32m INFO[0;39m [35m5712[0;39m [2m---[0;39m [2m[  restartedMain][0;39m [36mtrationDelegate$BeanPostProcessorChecker[0;39m [2m:[0;39m Bean 'org.springframework.ws.config.annotation.DelegatingWsConfiguration' of type [org.springframework.ws.config.annotation.DelegatingWsConfiguration$$EnhancerBySpringCGLIB$$972ea0d3] is not eligible for getting processed by all BeanPostProcessors (for example: not eligible for auto-proxying)
[2m2020-06-20 22:02:02.864[0;39m [32m INFO[0;39m [35m5712[0;39m [2m---[0;39m [2m[  restartedMain][0;39m [36m.w.s.a.s.AnnotationActionEndpointMapping[0;39m [2m:[0;39m Supporting [WS-Addressing August 2004, WS-Addressing 1.0]
[2m2020-06-20 22:02:03.315[0;39m [32m INFO[0;39m [35m5712[0;39m [2m---[0;39m [2m[  restartedMain][0;39m [36mo.s.b.w.embedded.tomcat.TomcatWebServer [0;39m [2m:[0;39m Tomcat initialized with port(s): 8080 (http)
[2m2020-06-20 22:02:03.324[0;39m [32m INFO[0;39m [35m5712[0;39m [2m---[0;39m [2m[  restartedMain][0;39m [36mo.a.coyote.http11.Http11NioProtocol     [0;39m [2m:[0;39m Initializing ProtocolHandler ["http-nio-8080"]
[2m2020-06-20 22:02:03.325[0;39m [32m INFO[0;39m [35m5712[0;39m [2m---[0;39m [2m[  restartedMain][0;39m [36mo.apache.catalina.core.StandardService  [0;39m [2m:[0;39m Starting service [Tomcat]
[2m2020-06-20 22:02:03.325[0;39m [32m INFO[0;39m [35m5712[0;39m [2m---[0;39m [2m[  restartedMain][0;39m [36morg.apache.catalina.core.StandardEngine [0;39m [2m:[0;39m Starting Servlet engine: [Apache Tomcat/9.0.34]
[2m2020-06-20 22:02:03.567[0;39m [32m INFO[0;39m [35m5712[0;39m [2m---[0;39m [2m[  restartedMain][0;39m [36morg.apache.jasper.servlet.TldScanner    [0;39m [2m:[0;39m At least one JAR was scanned for TLDs yet contained no TLDs. Enable debug logging for this logger for a complete list of JARs that were scanned but no TLDs were found in them. Skipping unneeded JARs during scanning can improve startup time and JSP compilation time.
[2m2020-06-20 22:02:03.573[0;39m [32m INFO[0;39m [35m5712[0;39m [2m---[0;39m [2m[  restartedMain][0;39m [36mo.a.c.c.C.[Tomcat].[localhost].[/]      [0;39m [2m:[0;39m Initializing Spring embedded WebApplicationContext
[2m2020-06-20 22:02:03.574[0;39m [32m INFO[0;39m [35m5712[0;39m [2m---[0;39m [2m[  restartedMain][0;39m [36mo.s.web.context.ContextLoader           [0;39m [2m:[0;39m Root WebApplicationContext: initialization completed in 1769 ms
[2m2020-06-20 22:02:04.155[0;39m [32m INFO[0;39m [35m5712[0;39m [2m---[0;39m [2m[  restartedMain][0;39m [36mo.s.s.concurrent.ThreadPoolTaskExecutor [0;39m [2m:[0;39m Initializing ExecutorService 'applicationTaskExecutor'
[2m2020-06-20 22:02:04.236[0;39m [32m INFO[0;39m [35m5712[0;39m [2m---[0;39m [2m[  restartedMain][0;39m [36mo.s.b.a.w.s.WelcomePageHandlerMapping   [0;39m [2m:[0;39m Adding welcome page: class path resource [static/index.html]
[2m2020-06-20 22:02:04.575[0;39m [32m INFO[0;39m [35m5712[0;39m [2m---[0;39m [2m[  restartedMain][0;39m [36mo.s.b.d.a.OptionalLiveReloadServer      [0;39m [2m:[0;39m LiveReload server is running on port 35729
[2m2020-06-20 22:02:04.604[0;39m [32m INFO[0;39m [35m5712[0;39m [2m---[0;39m [2m[  restartedMain][0;39m [36mo.a.coyote.http11.Http11NioProtocol     [0;39m [2m:[0;39m Starting ProtocolHandler ["http-nio-8080"]
[2m2020-06-20 22:02:04.643[0;39m [32m INFO[0;39m [35m5712[0;39m [2m---[0;39m [2m[  restartedMain][0;39m [36mo.s.b.w.embedded.tomcat.TomcatWebServer [0;39m [2m:[0;39m Tomcat started on port(s): 8080 (http) with context path ''
[2m2020-06-20 22:02:04.647[0;39m [32m INFO[0;39m [35m5712[0;39m [2m---[0;39m [2m[  restartedMain][0;39m [36mcom.ssafy.hh.HappyHouseFinalApplication [0;39m [2m:[0;39m Started HappyHouseFinalApplication in 3.326 seconds (JVM running for 5.759)
[2m2020-06-20 22:29:26.931[0;39m [32m INFO[0;39m [35m5712[0;39m [2m---[0;39m [2m[on(2)-127.0.0.1][0;39m [36minMXBeanRegistrar$SpringApplicationAdmin[0;39m [2m:[0;39m Application shutdown requested.
[2m2020-06-20 22:29:26.936[0;39m [32m INFO[0;39m [35m5712[0;39m [2m---[0;39m [2m[on(2)-127.0.0.1][0;39m [36mo.s.s.concurrent.ThreadPoolTaskExecutor [0;39m [2m:[0;39m Shutting down ExecutorService 'applicationTaskExecutor'
[2m2020-06-20 23:34:03.575[0;39m [32m INFO[0;39m [35m16572[0;39m [2m---[0;39m [2m[  restartedMain][0;39m [36mcom.ssafy.hh.HappyHouseFinalApplication [0;39m [2m:[0;39m Starting HappyHouseFinalApplication on DESKTOP-AF1J288 with PID 16572 (C:\Users\LeeSunSoo\Documents\workspace-sts-3.9.12.RELEASE\HappyHouseFinal\bin\main started by LeeSunSoo in C:\Users\LeeSunSoo\Documents\workspace-sts-3.9.12.RELEASE\HappyHouseFinal)
[2m2020-06-20 23:34:03.579[0;39m [32m INFO[0;39m [35m16572[0;39m [2m---[0;39m [2m[  restartedMain][0;39m [36mcom.ssafy.hh.HappyHouseFinalApplication [0;39m [2m:[0;39m No active profile set, falling back to default profiles: default
[2m2020-06-20 23:34:03.639[0;39m [32m INFO[0;39m [35m16572[0;39m [2m---[0;39m [2m[  restartedMain][0;39m [36m.e.DevToolsPropertyDefaultsPostProcessor[0;39m [2m:[0;39m Devtools property defaults active! Set 'spring.devtools.add-properties' to 'false' to disable
[2m2020-06-20 23:34:03.639[0;39m [32m INFO[0;39m [35m16572[0;39m [2m---[0;39m [2m[  restartedMain][0;39m [36m.e.DevToolsPropertyDefaultsPostProcessor[0;39m [2m:[0;39m For additional web related logging consider setting the 'logging.level.web' property to 'DEBUG'
[2m2020-06-20 23:34:04.668[0;39m [32m INFO[0;39m [35m16572[0;39m [2m---[0;39m [2m[  restartedMain][0;39m [36mtrationDelegate$BeanPostProcessorChecker[0;39m [2m:[0;39m Bean 'org.springframework.ws.config.annotation.DelegatingWsConfiguration' of type [org.springframework.ws.config.annotation.DelegatingWsConfiguration$$EnhancerBySpringCGLIB$$44d8baa3] is not eligible for getting processed by all BeanPostProcessors (for example: not eligible for auto-proxying)
[2m2020-06-20 23:34:04.701[0;39m [32m INFO[0;39m [35m16572[0;39m [2m---[0;39m [2m[  restartedMain][0;39m [36m.w.s.a.s.AnnotationActionEndpointMapping[0;39m [2m:[0;39m Supporting [WS-Addressing August 2004, WS-Addressing 1.0]
[2m2020-06-20 23:34:05.151[0;39m [32m INFO[0;39m [35m16572[0;39m [2m---[0;39m [2m[  restartedMain][0;39m [36mo.s.b.w.embedded.tomcat.TomcatWebServer [0;39m [2m:[0;39m Tomcat initialized with port(s): 8080 (http)
[2m2020-06-20 23:34:05.158[0;39m [32m INFO[0;39m [35m16572[0;39m [2m---[0;39m [2m[  restartedMain][0;39m [36mo.a.coyote.http11.Http11NioProtocol     [0;39m [2m:[0;39m Initializing ProtocolHandler ["http-nio-8080"]
[2m2020-06-20 23:34:05.159[0;39m [32m INFO[0;39m [35m16572[0;39m [2m---[0;39m [2m[  restartedMain][0;39m [36mo.apache.catalina.core.StandardService  [0;39m [2m:[0;39m Starting service [Tomcat]
[2m2020-06-20 23:34:05.159[0;39m [32m INFO[0;39m [35m16572[0;39m [2m---[0;39m [2m[  restartedMain][0;39m [36morg.apache.catalina.core.StandardEngine [0;39m [2m:[0;39m Starting Servlet engine: [Apache Tomcat/9.0.34]
[2m2020-06-20 23:34:05.372[0;39m [32m INFO[0;39m [35m16572[0;39m [2m---[0;39m [2m[  restartedMain][0;39m [36morg.apache.jasper.servlet.TldScanner    [0;39m [2m:[0;39m At least one JAR was scanned for TLDs yet contained no TLDs. Enable debug logging for this logger for a complete list of JARs that were scanned but no TLDs were found in them. Skipping unneeded JARs during scanning can improve startup time and JSP compilation time.
[2m2020-06-20 23:34:05.378[0;39m [32m INFO[0;39m [35m16572[0;39m [2m---[0;39m [2m[  restartedMain][0;39m [36mo.a.c.c.C.[Tomcat].[localhost].[/]      [0;39m [2m:[0;39m Initializing Spring embedded WebApplicationContext
[2m2020-06-20 23:34:05.379[0;39m [32m INFO[0;39m [35m16572[0;39m [2m---[0;39m [2m[  restartedMain][0;39m [36mo.s.web.context.ContextLoader           [0;39m [2m:[0;39m Root WebApplicationContext: initialization completed in 1740 ms
[2m2020-06-20 23:34:05.921[0;39m [32m INFO[0;39m [35m16572[0;39m [2m---[0;39m [2m[  restartedMain][0;39m [36mo.s.s.concurrent.ThreadPoolTaskExecutor [0;39m [2m:[0;39m Initializing ExecutorService 'applicationTaskExecutor'
[2m2020-06-20 23:34:05.998[0;39m [32m INFO[0;39m [35m16572[0;39m [2m---[0;39m [2m[  restartedMain][0;39m [36mo.s.b.a.w.s.WelcomePageHandlerMapping   [0;39m [2m:[0;39m Adding welcome page: class path resource [static/index.html]
[2m2020-06-20 23:34:06.234[0;39m [32m INFO[0;39m [35m16572[0;39m [2m---[0;39m [2m[  restartedMain][0;39m [36mo.s.b.d.a.OptionalLiveReloadServer      [0;39m [2m:[0;39m LiveReload server is running on port 35729
[2m2020-06-20 23:34:06.255[0;39m [32m INFO[0;39m [35m16572[0;39m [2m---[0;39m [2m[  restartedMain][0;39m [36mo.a.coyote.http11.Http11NioProtocol     [0;39m [2m:[0;39m Starting ProtocolHandler ["http-nio-8080"]
[2m2020-06-20 23:34:06.286[0;39m [32m INFO[0;39m [35m16572[0;39m [2m---[0;39m [2m[  restartedMain][0;39m [36mo.s.b.w.embedded.tomcat.TomcatWebServer [0;39m [2m:[0;39m Tomcat started on port(s): 8080 (http) with context path ''
[2m2020-06-20 23:34:06.289[0;39m [32m INFO[0;39m [35m16572[0;39m [2m---[0;39m [2m[  restartedMain][0;39m [36mcom.ssafy.hh.HappyHouseFinalApplication [0;39m [2m:[0;39m Started HappyHouseFinalApplication in 3.081 seconds (JVM running for 4.963)
