[2m2020-06-21 01:36:39.643[0;39m [32m INFO[0;39m [35m16572[0;39m [2m---[0;39m [2m[nio-8080-exec-1][0;39m [36mo.a.c.c.C.[Tomcat].[localhost].[/]      [0;39m [2m:[0;39m Initializing Spring DispatcherServlet 'dispatcherServlet'
[2m2020-06-21 01:36:39.669[0;39m [32m INFO[0;39m [35m16572[0;39m [2m---[0;39m [2m[nio-8080-exec-1][0;39m [36mo.s.web.servlet.DispatcherServlet       [0;39m [2m:[0;39m Initializing Servlet 'dispatcherServlet'
[2m2020-06-21 01:36:39.772[0;39m [32m INFO[0;39m [35m16572[0;39m [2m---[0;39m [2m[nio-8080-exec-1][0;39m [36mo.s.web.servlet.DispatcherServlet       [0;39m [2m:[0;39m Completed initialization in 101 ms
[2m2020-06-21 01:36:40.157[0;39m [32m INFO[0;39m [35m16572[0;39m [2m---[0;39m [2m[nio-8080-exec-1][0;39m [36mcom.zaxxer.hikari.HikariDataSource      [0;39m [2m:[0;39m HikariPool-1 - Starting...
[2m2020-06-21 01:36:41.313[0;39m [32m INFO[0;39m [35m16572[0;39m [2m---[0;39m [2m[nio-8080-exec-1][0;39m [36mcom.zaxxer.hikari.HikariDataSource      [0;39m [2m:[0;39m HikariPool-1 - Start completed.
[2m2020-06-21 01:49:58.895[0;39m [32m INFO[0;39m [35m16572[0;39m [2m---[0;39m [2m[       Thread-6][0;39m [36mo.s.s.concurrent.ThreadPoolTaskExecutor [0;39m [2m:[0;39m Shutting down ExecutorService 'applicationTaskExecutor'
[2m2020-06-21 01:49:58.900[0;39m [32m INFO[0;39m [35m16572[0;39m [2m---[0;39m [2m[       Thread-6][0;39m [36mcom.zaxxer.hikari.HikariDataSource      [0;39m [2m:[0;39m HikariPool-1 - Shutdown initiated...
[2m2020-06-21 01:49:58.921[0;39m [32m INFO[0;39m [35m16572[0;39m [2m---[0;39m [2m[       Thread-6][0;39m [36mcom.zaxxer.hikari.HikariDataSource      [0;39m [2m:[0;39m HikariPool-1 - Shutdown completed.
[2m2020-06-21 01:50:00.576[0;39m [32m INFO[0;39m [35m16572[0;39m [2m---[0;39m [2m[  restartedMain][0;39m [36mcom.ssafy.hh.HappyHouseFinalApplication [0;39m [2m:[0;39m Starting HappyHouseFinalApplication on DESKTOP-AF1J288 with PID 16572 (C:\Users\LeeSunSoo\Documents\workspace-sts-3.9.12.RELEASE\HappyHouseFinal\bin\main started by LeeSunSoo in C:\Users\LeeSunSoo\Documents\workspace-sts-3.9.12.RELEASE\HappyHouseFinal)
[2m2020-06-21 01:50:00.577[0;39m [32m INFO[0;39m [35m16572[0;39m [2m---[0;39m [2m[  restartedMain][0;39m [36mcom.ssafy.hh.HappyHouseFinalApplication [0;39m [2m:[0;39m No active profile set, falling back to default profiles: default
[2m2020-06-21 01:50:00.940[0;39m [32m INFO[0;39m [35m16572[0;39m [2m---[0;39m [2m[  restartedMain][0;39m [36mtrationDelegate$BeanPostProcessorChecker[0;39m [2m:[0;39m Bean 'org.springframework.ws.config.annotation.DelegatingWsConfiguration' of type [org.springframework.ws.config.annotation.DelegatingWsConfiguration$$EnhancerBySpringCGLIB$$44d8baa3] is not eligible for getting processed by all BeanPostProcessors (for example: not eligible for auto-proxying)
[2m2020-06-21 01:50:00.941[0;39m [32m INFO[0;39m [35m16572[0;39m [2m---[0;39m [2m[  restartedMain][0;39m [36m.w.s.a.s.AnnotationActionEndpointMapping[0;39m [2m:[0;39m Supporting [WS-Addressing August 2004, WS-Addressing 1.0]
[2m2020-06-21 01:50:01.123[0;39m [32m INFO[0;39m [35m16572[0;39m [2m---[0;39m [2m[  restartedMain][0;39m [36mo.s.b.w.embedded.tomcat.TomcatWebServer [0;39m [2m:[0;39m Tomcat initialized with port(s): 8080 (http)
[2m2020-06-21 01:50:01.124[0;39m [32m INFO[0;39m [35m16572[0;39m [2m---[0;39m [2m[  restartedMain][0;39m [36mo.a.coyote.http11.Http11NioProtocol     [0;39m [2m:[0;39m Initializing ProtocolHandler ["http-nio-8080"]
[2m2020-06-21 01:50:01.124[0;39m [32m INFO[0;39m [35m16572[0;39m [2m---[0;39m [2m[  restartedMain][0;39m [36mo.apache.catalina.core.StandardService  [0;39m [2m:[0;39m Starting service [Tomcat]
[2m2020-06-21 01:50:01.124[0;39m [32m INFO[0;39m [35m16572[0;39m [2m---[0;39m [2m[  restartedMain][0;39m [36morg.apache.catalina.core.StandardEngine [0;39m [2m:[0;39m Starting Servlet engine: [Apache Tomcat/9.0.34]
[2m2020-06-21 01:50:01.238[0;39m [32m INFO[0;39m [35m16572[0;39m [2m---[0;39m [2m[  restartedMain][0;39m [36morg.apache.jasper.servlet.TldScanner    [0;39m [2m:[0;39m At least one JAR was scanned for TLDs yet contained no TLDs. Enable debug logging for this logger for a complete list of JARs that were scanned but no TLDs were found in them. Skipping unneeded JARs during scanning can improve startup time and JSP compilation time.
[2m2020-06-21 01:50:01.241[0;39m [32m INFO[0;39m [35m16572[0;39m [2m---[0;39m [2m[  restartedMain][0;39m [36mo.a.c.c.C.[Tomcat].[localhost].[/]      [0;39m [2m:[0;39m Initializing Spring embedded WebApplicationContext
[2m2020-06-21 01:50:01.241[0;39m [32m INFO[0;39m [35m16572[0;39m [2m---[0;39m [2m[  restartedMain][0;39m [36mo.s.web.context.ContextLoader           [0;39m [2m:[0;39m Root WebApplicationContext: initialization completed in 659 ms
[2m2020-06-21 01:50:01.505[0;39m [32m INFO[0;39m [35m16572[0;39m [2m---[0;39m [2m[  restartedMain][0;39m [36mo.s.s.concurrent.ThreadPoolTaskExecutor [0;39m [2m:[0;39m Initializing ExecutorService 'applicationTaskExecutor'
[2m2020-06-21 01:50:01.539[0;39m [32m INFO[0;39m [35m16572[0;39m [2m---[0;39m [2m[  restartedMain][0;39m [36mo.s.b.a.w.s.WelcomePageHandlerMapping   [0;39m [2m:[0;39m Adding welcome page: class path resource [static/index.html]
[2m2020-06-21 01:50:01.723[0;39m [32m INFO[0;39m [35m16572[0;39m [2m---[0;39m [2m[  restartedMain][0;39m [36mo.s.b.d.a.OptionalLiveReloadServer      [0;39m [2m:[0;39m LiveReload server is running on port 35729
[2m2020-06-21 01:50:01.736[0;39m [32m INFO[0;39m [35m16572[0;39m [2m---[0;39m [2m[  restartedMain][0;39m [36mo.a.coyote.http11.Http11NioProtocol     [0;39m [2m:[0;39m Starting ProtocolHandler ["http-nio-8080"]
[2m2020-06-21 01:50:01.741[0;39m [32m INFO[0;39m [35m16572[0;39m [2m---[0;39m [2m[  restartedMain][0;39m [36mo.s.b.w.embedded.tomcat.TomcatWebServer [0;39m [2m:[0;39m Tomcat started on port(s): 8080 (http) with context path ''
[2m2020-06-21 01:50:01.741[0;39m [32m INFO[0;39m [35m16572[0;39m [2m---[0;39m [2m[  restartedMain][0;39m [36mcom.ssafy.hh.HappyHouseFinalApplication [0;39m [2m:[0;39m Started HappyHouseFinalApplication in 1.215 seconds (JVM running for 8160.415)
[2m2020-06-21 01:50:01.743[0;39m [32m INFO[0;39m [35m16572[0;39m [2m---[0;39m [2m[  restartedMain][0;39m [36m.ConditionEvaluationDeltaLoggingListener[0;39m [2m:[0;39m Condition evaluation unchanged
[2m2020-06-21 01:50:37.639[0;39m [32m INFO[0;39m [35m16572[0;39m [2m---[0;39m [2m[       Thread-9][0;39m [36mo.s.s.concurrent.ThreadPoolTaskExecutor [0;39m [2m:[0;39m Shutting down ExecutorService 'applicationTaskExecutor'
[2m2020-06-21 01:50:38.759[0;39m [32m INFO[0;39m [35m16572[0;39m [2m---[0;39m [2m[  restartedMain][0;39m [36mcom.ssafy.hh.HappyHouseFinalApplication [0;39m [2m:[0;39m Starting HappyHouseFinalApplication on DESKTOP-AF1J288 with PID 16572 (C:\Users\LeeSunSoo\Documents\workspace-sts-3.9.12.RELEASE\HappyHouseFinal\bin\main started by LeeSunSoo in C:\Users\LeeSunSoo\Documents\workspace-sts-3.9.12.RELEASE\HappyHouseFinal)
[2m2020-06-21 01:50:38.759[0;39m [32m INFO[0;39m [35m16572[0;39m [2m---[0;39m [2m[  restartedMain][0;39m [36mcom.ssafy.hh.HappyHouseFinalApplication [0;39m [2m:[0;39m No active profile set, falling back to default profiles: default
[2m2020-06-21 01:50:39.086[0;39m [32m INFO[0;39m [35m16572[0;39m [2m---[0;39m [2m[  restartedMain][0;39m [36mtrationDelegate$BeanPostProcessorChecker[0;39m [2m:[0;39m Bean 'org.springframework.ws.config.annotation.DelegatingWsConfiguration' of type [org.springframework.ws.config.annotation.DelegatingWsConfiguration$$EnhancerBySpringCGLIB$$44d8baa3] is not eligible for getting processed by all BeanPostProcessors (for example: not eligible for auto-proxying)
[2m2020-06-21 01:50:39.087[0;39m [32m INFO[0;39m [35m16572[0;39m [2m---[0;39m [2m[  restartedMain][0;39m [36m.w.s.a.s.AnnotationActionEndpointMapping[0;39m [2m:[0;39m Supporting [WS-Addressing August 2004, WS-Addressing 1.0]
[2m2020-06-21 01:50:39.208[0;39m [32m INFO[0;39m [35m16572[0;39m [2m---[0;39m [2m[  restartedMain][0;39m [36mo.s.b.w.embedded.tomcat.TomcatWebServer [0;39m [2m:[0;39m Tomcat initialized with port(s): 8080 (http)
[2m2020-06-21 01:50:39.209[0;39m [32m INFO[0;39m [35m16572[0;39m [2m---[0;39m [2m[  restartedMain][0;39m [36mo.a.coyote.http11.Http11NioProtocol     [0;39m [2m:[0;39m Initializing ProtocolHandler ["http-nio-8080"]
[2m2020-06-21 01:50:39.210[0;39m [32m INFO[0;39m [35m16572[0;39m [2m---[0;39m [2m[  restartedMain][0;39m [36mo.apache.catalina.core.StandardService  [0;39m [2m:[0;39m Starting service [Tomcat]
[2m2020-06-21 01:50:39.210[0;39m [32m INFO[0;39m [35m16572[0;39m [2m---[0;39m [2m[  restartedMain][0;39m [36morg.apache.catalina.core.StandardEngine [0;39m [2m:[0;39m Starting Servlet engine: [Apache Tomcat/9.0.34]
[2m2020-06-21 01:50:39.284[0;39m [32m INFO[0;39m [35m16572[0;39m [2m---[0;39m [2m[  restartedMain][0;39m [36morg.apache.jasper.servlet.TldScanner    [0;39m [2m:[0;39m At least one JAR was scanned for TLDs yet contained no TLDs. Enable debug logging for this logger for a complete list of JARs that were scanned but no TLDs were found in them. Skipping unneeded JARs during scanning can improve startup time and JSP compilation time.
[2m2020-06-21 01:50:39.286[0;39m [32m INFO[0;39m [35m16572[0;39m [2m---[0;39m [2m[  restartedMain][0;39m [36mo.a.c.c.C.[Tomcat].[localhost].[/]      [0;39m [2m:[0;39m Initializing Spring embedded WebApplicationContext
[2m2020-06-21 01:50:39.287[0;39m [32m INFO[0;39m [35m16572[0;39m [2m---[0;39m [2m[  restartedMain][0;39m [36mo.s.web.context.ContextLoader           [0;39m [2m:[0;39m Root WebApplicationContext: initialization completed in 525 ms
[2m2020-06-21 01:50:39.513[0;39m [32m INFO[0;39m [35m16572[0;39m [2m---[0;39m [2m[  restartedMain][0;39m [36mo.s.s.concurrent.ThreadPoolTaskExecutor [0;39m [2m:[0;39m Initializing ExecutorService 'applicationTaskExecutor'
[2m2020-06-21 01:50:39.541[0;39m [32m INFO[0;39m [35m16572[0;39m [2m---[0;39m [2m[  restartedMain][0;39m [36mo.s.b.a.w.s.WelcomePageHandlerMapping   [0;39m [2m:[0;39m Adding welcome page: class path resource [static/index.html]
[2m2020-06-21 01:50:39.695[0;39m [32m INFO[0;39m [35m16572[0;39m [2m---[0;39m [2m[  restartedMain][0;39m [36mo.s.b.d.a.OptionalLiveReloadServer      [0;39m [2m:[0;39m LiveReload server is running on port 35729
[2m2020-06-21 01:50:39.704[0;39m [32m INFO[0;39m [35m16572[0;39m [2m---[0;39m [2m[  restartedMain][0;39m [36mo.a.coyote.http11.Http11NioProtocol     [0;39m [2m:[0;39m Starting ProtocolHandler ["http-nio-8080"]
[2m2020-06-21 01:50:39.709[0;39m [32m INFO[0;39m [35m16572[0;39m [2m---[0;39m [2m[  restartedMain][0;39m [36mo.s.b.w.embedded.tomcat.TomcatWebServer [0;39m [2m:[0;39m Tomcat started on port(s): 8080 (http) with context path ''
[2m2020-06-21 01:50:39.709[0;39m [32m INFO[0;39m [35m16572[0;39m [2m---[0;39m [2m[  restartedMain][0;39m [36mcom.ssafy.hh.HappyHouseFinalApplication [0;39m [2m:[0;39m Started HappyHouseFinalApplication in 0.996 seconds (JVM running for 8198.383)
[2m2020-06-21 01:50:39.711[0;39m [32m INFO[0;39m [35m16572[0;39m [2m---[0;39m [2m[  restartedMain][0;39m [36m.ConditionEvaluationDeltaLoggingListener[0;39m [2m:[0;39m Condition evaluation unchanged
[2m2020-06-21 01:51:08.261[0;39m [32m INFO[0;39m [35m16572[0;39m [2m---[0;39m [2m[      Thread-14][0;39m [36mo.s.s.concurrent.ThreadPoolTaskExecutor [0;39m [2m:[0;39m Shutting down ExecutorService 'applicationTaskExecutor'
[2m2020-06-21 01:51:09.398[0;39m [32m INFO[0;39m [35m16572[0;39m [2m---[0;39m [2m[  restartedMain][0;39m [36mcom.ssafy.hh.HappyHouseFinalApplication [0;39m [2m:[0;39m Starting HappyHouseFinalApplication on DESKTOP-AF1J288 with PID 16572 (C:\Users\LeeSunSoo\Documents\workspace-sts-3.9.12.RELEASE\HappyHouseFinal\bin\main started by LeeSunSoo in C:\Users\LeeSunSoo\Documents\workspace-sts-3.9.12.RELEASE\HappyHouseFinal)
[2m2020-06-21 01:51:09.398[0;39m [32m INFO[0;39m [35m16572[0;39m [2m---[0;39m [2m[  restartedMain][0;39m [36mcom.ssafy.hh.HappyHouseFinalApplication [0;39m [2m:[0;39m No active profile set, falling back to default profiles: default
[2m2020-06-21 01:51:09.674[0;39m [32m INFO[0;39m [35m16572[0;39m [2m---[0;39m [2m[  restartedMain][0;39m [36mtrationDelegate$BeanPostProcessorChecker[0;39m [2m:[0;39m Bean 'org.springframework.ws.config.annotation.DelegatingWsConfiguration' of type [org.springframework.ws.config.annotation.DelegatingWsConfiguration$$EnhancerBySpringCGLIB$$44d8baa3] is not eligible for getting processed by all BeanPostProcessors (for example: not eligible for auto-proxying)
[2m2020-06-21 01:51:09.676[0;39m [32m INFO[0;39m [35m16572[0;39m [2m---[0;39m [2m[  restartedMain][0;39m [36m.w.s.a.s.AnnotationActionEndpointMapping[0;39m [2m:[0;39m Supporting [WS-Addressing August 2004, WS-Addressing 1.0]
[2m2020-06-21 01:51:09.810[0;39m [32m INFO[0;39m [35m16572[0;39m [2m---[0;39m [2m[  restartedMain][0;39m [36mo.s.b.w.embedded.tomcat.TomcatWebServer [0;39m [2m:[0;39m Tomcat initialized with port(s): 8080 (http)
[2m2020-06-21 01:51:09.811[0;39m [32m INFO[0;39m [35m16572[0;39m [2m---[0;39m [2m[  restartedMain][0;39m [36mo.a.coyote.http11.Http11NioProtocol     [0;39m [2m:[0;39m Initializing ProtocolHandler ["http-nio-8080"]
[2m2020-06-21 01:51:09.811[0;39m [32m INFO[0;39m [35m16572[0;39m [2m---[0;39m [2m[  restartedMain][0;39m [36mo.apache.catalina.core.StandardService  [0;39m [2m:[0;39m Starting service [Tomcat]
[2m2020-06-21 01:51:09.811[0;39m [32m INFO[0;39m [35m16572[0;39m [2m---[0;39m [2m[  restartedMain][0;39m [36morg.apache.catalina.core.StandardEngine [0;39m [2m:[0;39m Starting Servlet engine: [Apache Tomcat/9.0.34]
[2m2020-06-21 01:51:09.896[0;39m [32m INFO[0;39m [35m16572[0;39m [2m---[0;39m [2m[  restartedMain][0;39m [36morg.apache.jasper.servlet.TldScanner    [0;39m [2m:[0;39m At least one JAR was scanned for TLDs yet contained no TLDs. Enable debug logging for this logger for a complete list of JARs that were scanned but no TLDs were found in them. Skipping unneeded JARs during scanning can improve startup time and JSP compilation time.
[2m2020-06-21 01:51:09.898[0;39m [32m INFO[0;39m [35m16572[0;39m [2m---[0;39m [2m[  restartedMain][0;39m [36mo.a.c.c.C.[Tomcat].[localhost].[/]      [0;39m [2m:[0;39m Initializing Spring embedded WebApplicationContext
[2m2020-06-21 01:51:09.899[0;39m [32m INFO[0;39m [35m16572[0;39m [2m---[0;39m [2m[  restartedMain][0;39m [36mo.s.web.context.ContextLoader           [0;39m [2m:[0;39m Root WebApplicationContext: initialization completed in 499 ms
[2m2020-06-21 01:51:10.105[0;39m [32m INFO[0;39m [35m16572[0;39m [2m---[0;39m [2m[  restartedMain][0;39m [36mo.s.s.concurrent.ThreadPoolTaskExecutor [0;39m [2m:[0;39m Initializing ExecutorService 'applicationTaskExecutor'
[2m2020-06-21 01:51:10.134[0;39m [32m INFO[0;39m [35m16572[0;39m [2m---[0;39m [2m[  restartedMain][0;39m [36mo.s.b.a.w.s.WelcomePageHandlerMapping   [0;39m [2m:[0;39m Adding welcome page: class path resource [static/index.html]
[2m2020-06-21 01:51:10.306[0;39m [32m INFO[0;39m [35m16572[0;39m [2m---[0;39m [2m[  restartedMain][0;39m [36mo.s.b.d.a.OptionalLiveReloadServer      [0;39m [2m:[0;39m LiveReload server is running on port 35729
[2m2020-06-21 01:51:10.314[0;39m [32m INFO[0;39m [35m16572[0;39m [2m---[0;39m [2m[  restartedMain][0;39m [36mo.a.coyote.http11.Http11NioProtocol     [0;39m [2m:[0;39m Starting ProtocolHandler ["http-nio-8080"]
[2m2020-06-21 01:51:10.319[0;39m [32m INFO[0;39m [35m16572[0;39m [2m---[0;39m [2m[  restartedMain][0;39m [36mo.s.b.w.embedded.tomcat.TomcatWebServer [0;39m [2m:[0;39m Tomcat started on port(s): 8080 (http) with context path ''
[2m2020-06-21 01:51:10.319[0;39m [32m INFO[0;39m [35m16572[0;39m [2m---[0;39m [2m[  restartedMain][0;39m [36mcom.ssafy.hh.HappyHouseFinalApplication [0;39m [2m:[0;39m Started HappyHouseFinalApplication in 0.953 seconds (JVM running for 8228.993)
[2m2020-06-21 01:51:10.321[0;39m [32m INFO[0;39m [35m16572[0;39m [2m---[0;39m [2m[  restartedMain][0;39m [36m.ConditionEvaluationDeltaLoggingListener[0;39m [2m:[0;39m Condition evaluation unchanged
[2m2020-06-21 01:51:19.107[0;39m [32m INFO[0;39m [35m16572[0;39m [2m---[0;39m [2m[      Thread-19][0;39m [36mo.s.s.concurrent.ThreadPoolTaskExecutor [0;39m [2m:[0;39m Shutting down ExecutorService 'applicationTaskExecutor'
[2m2020-06-21 01:51:20.199[0;39m [32m INFO[0;39m [35m16572[0;39m [2m---[0;39m [2m[  restartedMain][0;39m [36mcom.ssafy.hh.HappyHouseFinalApplication [0;39m [2m:[0;39m Starting HappyHouseFinalApplication on DESKTOP-AF1J288 with PID 16572 (C:\Users\LeeSunSoo\Documents\workspace-sts-3.9.12.RELEASE\HappyHouseFinal\bin\main started by LeeSunSoo in C:\Users\LeeSunSoo\Documents\workspace-sts-3.9.12.RELEASE\HappyHouseFinal)
[2m2020-06-21 01:51:20.199[0;39m [32m INFO[0;39m [35m16572[0;39m [2m---[0;39m [2m[  restartedMain][0;39m [36mcom.ssafy.hh.HappyHouseFinalApplication [0;39m [2m:[0;39m No active profile set, falling back to default profiles: default
[2m2020-06-21 01:51:20.461[0;39m [32m INFO[0;39m [35m16572[0;39m [2m---[0;39m [2m[  restartedMain][0;39m [36mtrationDelegate$BeanPostProcessorChecker[0;39m [2m:[0;39m Bean 'org.springframework.ws.config.annotation.DelegatingWsConfiguration' of type [org.springframework.ws.config.annotation.DelegatingWsConfiguration$$EnhancerBySpringCGLIB$$44d8baa3] is not eligible for getting processed by all BeanPostProcessors (for example: not eligible for auto-proxying)
[2m2020-06-21 01:51:20.462[0;39m [32m INFO[0;39m [35m16572[0;39m [2m---[0;39m [2m[  restartedMain][0;39m [36m.w.s.a.s.AnnotationActionEndpointMapping[0;39m [2m:[0;39m Supporting [WS-Addressing August 2004, WS-Addressing 1.0]
[2m2020-06-21 01:51:20.602[0;39m [32m INFO[0;39m [35m16572[0;39m [2m---[0;39m [2m[  restartedMain][0;39m [36mo.s.b.w.embedded.tomcat.TomcatWebServer [0;39m [2m:[0;39m Tomcat initialized with port(s): 8080 (http)
[2m2020-06-21 01:51:20.604[0;39m [32m INFO[0;39m [35m16572[0;39m [2m---[0;39m [2m[  restartedMain][0;39m [36mo.a.coyote.http11.Http11NioProtocol     [0;39m [2m:[0;39m Initializing ProtocolHandler ["http-nio-8080"]
[2m2020-06-21 01:51:20.604[0;39m [32m INFO[0;39m [35m16572[0;39m [2m---[0;39m [2m[  restartedMain][0;39m [36mo.apache.catalina.core.StandardService  [0;39m [2m:[0;39m Starting service [Tomcat]
[2m2020-06-21 01:51:20.604[0;39m [32m INFO[0;39m [35m16572[0;39m [2m---[0;39m [2m[  restartedMain][0;39m [36morg.apache.catalina.core.StandardEngine [0;39m [2m:[0;39m Starting Servlet engine: [Apache Tomcat/9.0.34]
[2m2020-06-21 01:51:20.675[0;39m [32m INFO[0;39m [35m16572[0;39m [2m---[0;39m [2m[  restartedMain][0;39m [36morg.apache.jasper.servlet.TldScanner    [0;39m [2m:[0;39m At least one JAR was scanned for TLDs yet contained no TLDs. Enable debug logging for this logger for a complete list of JARs that were scanned but no TLDs were found in them. Skipping unneeded JARs during scanning can improve startup time and JSP compilation time.
[2m2020-06-21 01:51:20.678[0;39m [32m INFO[0;39m [35m16572[0;39m [2m---[0;39m [2m[  restartedMain][0;39m [36mo.a.c.c.C.[Tomcat].[localhost].[/]      [0;39m [2m:[0;39m Initializing Spring embedded WebApplicationContext
[2m2020-06-21 01:51:20.678[0;39m [32m INFO[0;39m [35m16572[0;39m [2m---[0;39m [2m[  restartedMain][0;39m [36mo.s.web.context.ContextLoader           [0;39m [2m:[0;39m Root WebApplicationContext: initialization completed in 477 ms
[2m2020-06-21 01:51:20.895[0;39m [32m INFO[0;39m [35m16572[0;39m [2m---[0;39m [2m[  restartedMain][0;39m [36mo.s.s.concurrent.ThreadPoolTaskExecutor [0;39m [2m:[0;39m Initializing ExecutorService 'applicationTaskExecutor'
[2m2020-06-21 01:51:20.925[0;39m [32m INFO[0;39m [35m16572[0;39m [2m---[0;39m [2m[  restartedMain][0;39m [36mo.s.b.a.w.s.WelcomePageHandlerMapping   [0;39m [2m:[0;39m Adding welcome page: class path resource [static/index.html]
[2m2020-06-21 01:51:21.092[0;39m [32m INFO[0;39m [35m16572[0;39m [2m---[0;39m [2m[  restartedMain][0;39m [36mo.s.b.d.a.OptionalLiveReloadServer      [0;39m [2m:[0;39m LiveReload server is running on port 35729
[2m2020-06-21 01:51:21.104[0;39m [32m INFO[0;39m [35m16572[0;39m [2m---[0;39m [2m[  restartedMain][0;39m [36mo.a.coyote.http11.Http11NioProtocol     [0;39m [2m:[0;39m Starting ProtocolHandler ["http-nio-8080"]
[2m2020-06-21 01:51:21.109[0;39m [32m INFO[0;39m [35m16572[0;39m [2m---[0;39m [2m[  restartedMain][0;39m [36mo.s.b.w.embedded.tomcat.TomcatWebServer [0;39m [2m:[0;39m Tomcat started on port(s): 8080 (http) with context path ''
[2m2020-06-21 01:51:21.110[0;39m [32m INFO[0;39m [35m16572[0;39m [2m---[0;39m [2m[  restartedMain][0;39m [36mcom.ssafy.hh.HappyHouseFinalApplication [0;39m [2m:[0;39m Started HappyHouseFinalApplication in 0.944 seconds (JVM running for 8239.783)
[2m2020-06-21 01:51:21.111[0;39m [32m INFO[0;39m [35m16572[0;39m [2m---[0;39m [2m[  restartedMain][0;39m [36m.ConditionEvaluationDeltaLoggingListener[0;39m [2m:[0;39m Condition evaluation unchanged
[2m2020-06-21 01:51:23.624[0;39m [32m INFO[0;39m [35m16572[0;39m [2m---[0;39m [2m[      Thread-24][0;39m [36mo.s.s.concurrent.ThreadPoolTaskExecutor [0;39m [2m:[0;39m Shutting down ExecutorService 'applicationTaskExecutor'
[2m2020-06-21 01:51:24.825[0;39m [32m INFO[0;39m [35m16572[0;39m [2m---[0;39m [2m[  restartedMain][0;39m [36mcom.ssafy.hh.HappyHouseFinalApplication [0;39m [2m:[0;39m Starting HappyHouseFinalApplication on DESKTOP-AF1J288 with PID 16572 (C:\Users\LeeSunSoo\Documents\workspace-sts-3.9.12.RELEASE\HappyHouseFinal\bin\main started by LeeSunSoo in C:\Users\LeeSunSoo\Documents\workspace-sts-3.9.12.RELEASE\HappyHouseFinal)
[2m2020-06-21 01:51:24.826[0;39m [32m INFO[0;39m [35m16572[0;39m [2m---[0;39m [2m[  restartedMain][0;39m [36mcom.ssafy.hh.HappyHouseFinalApplication [0;39m [2m:[0;39m No active profile set, falling back to default profiles: default
[2m2020-06-21 01:51:25.103[0;39m [32m INFO[0;39m [35m16572[0;39m [2m---[0;39m [2m[  restartedMain][0;39m [36mtrationDelegate$BeanPostProcessorChecker[0;39m [2m:[0;39m Bean 'org.springframework.ws.config.annotation.DelegatingWsConfiguration' of type [org.springframework.ws.config.annotation.DelegatingWsConfiguration$$EnhancerBySpringCGLIB$$44d8baa3] is not eligible for getting processed by all BeanPostProcessors (for example: not eligible for auto-proxying)
[2m2020-06-21 01:51:25.104[0;39m [32m INFO[0;39m [35m16572[0;39m [2m---[0;39m [2m[  restartedMain][0;39m [36m.w.s.a.s.AnnotationActionEndpointMapping[0;39m [2m:[0;39m Supporting [WS-Addressing August 2004, WS-Addressing 1.0]
[2m2020-06-21 01:51:25.229[0;39m [32m INFO[0;39m [35m16572[0;39m [2m---[0;39m [2m[  restartedMain][0;39m [36mo.s.b.w.embedded.tomcat.TomcatWebServer [0;39m [2m:[0;39m Tomcat initialized with port(s): 8080 (http)
[2m2020-06-21 01:51:25.230[0;39m [32m INFO[0;39m [35m16572[0;39m [2m---[0;39m [2m[  restartedMain][0;39m [36mo.a.coyote.http11.Http11NioProtocol     [0;39m [2m:[0;39m Initializing ProtocolHandler ["http-nio-8080"]
[2m2020-06-21 01:51:25.230[0;39m [32m INFO[0;39m [35m16572[0;39m [2m---[0;39m [2m[  restartedMain][0;39m [36mo.apache.catalina.core.StandardService  [0;39m [2m:[0;39m Starting service [Tomcat]
[2m2020-06-21 01:51:25.230[0;39m [32m INFO[0;39m [35m16572[0;39m [2m---[0;39m [2m[  restartedMain][0;39m [36morg.apache.catalina.core.StandardEngine [0;39m [2m:[0;39m Starting Servlet engine: [Apache Tomcat/9.0.34]
[2m2020-06-21 01:51:25.307[0;39m [32m INFO[0;39m [35m16572[0;39m [2m---[0;39m [2m[  restartedMain][0;39m [36morg.apache.jasper.servlet.TldScanner    [0;39m [2m:[0;39m At least one JAR was scanned for TLDs yet contained no TLDs. Enable debug logging for this logger for a complete list of JARs that were scanned but no TLDs were found in them. Skipping unneeded JARs during scanning can improve startup time and JSP compilation time.
[2m2020-06-21 01:51:25.310[0;39m [32m INFO[0;39m [35m16572[0;39m [2m---[0;39m [2m[  restartedMain][0;39m [36mo.a.c.c.C.[Tomcat].[localhost].[/]      [0;39m [2m:[0;39m Initializing Spring embedded WebApplicationContext
[2m2020-06-21 01:51:25.310[0;39m [32m INFO[0;39m [35m16572[0;39m [2m---[0;39m [2m[  restartedMain][0;39m [36mo.s.web.context.ContextLoader           [0;39m [2m:[0;39m Root WebApplicationContext: initialization completed in 482 ms
[2m2020-06-21 01:51:25.521[0;39m [32m INFO[0;39m [35m16572[0;39m [2m---[0;39m [2m[  restartedMain][0;39m [36mo.s.s.concurrent.ThreadPoolTaskExecutor [0;39m [2m:[0;39m Initializing ExecutorService 'applicationTaskExecutor'
[2m2020-06-21 01:51:25.548[0;39m [32m INFO[0;39m [35m16572[0;39m [2m---[0;39m [2m[  restartedMain][0;39m [36mo.s.b.a.w.s.WelcomePageHandlerMapping   [0;39m [2m:[0;39m Adding welcome page: class path resource [static/index.html]
[2m2020-06-21 01:51:25.723[0;39m [32m INFO[0;39m [35m16572[0;39m [2m---[0;39m [2m[  restartedMain][0;39m [36mo.s.b.d.a.OptionalLiveReloadServer      [0;39m [2m:[0;39m LiveReload server is running on port 35729
[2m2020-06-21 01:51:25.733[0;39m [32m INFO[0;39m [35m16572[0;39m [2m---[0;39m [2m[  restartedMain][0;39m [36mo.a.coyote.http11.Http11NioProtocol     [0;39m [2m:[0;39m Starting ProtocolHandler ["http-nio-8080"]
[2m2020-06-21 01:51:25.738[0;39m [32m INFO[0;39m [35m16572[0;39m [2m---[0;39m [2m[  restartedMain][0;39m [36mo.s.b.w.embedded.tomcat.TomcatWebServer [0;39m [2m:[0;39m Tomcat started on port(s): 8080 (http) with context path ''
[2m2020-06-21 01:51:25.739[0;39m [32m INFO[0;39m [35m16572[0;39m [2m---[0;39m [2m[  restartedMain][0;39m [36mcom.ssafy.hh.HappyHouseFinalApplication [0;39m [2m:[0;39m Started HappyHouseFinalApplication in 0.955 seconds (JVM running for 8244.412)
[2m2020-06-21 01:51:25.740[0;39m [32m INFO[0;39m [35m16572[0;39m [2m---[0;39m [2m[  restartedMain][0;39m [36m.ConditionEvaluationDeltaLoggingListener[0;39m [2m:[0;39m Condition evaluation unchanged
[2m2020-06-21 01:51:48.118[0;39m [32m INFO[0;39m [35m16572[0;39m [2m---[0;39m [2m[      Thread-29][0;39m [36mo.s.s.concurrent.ThreadPoolTaskExecutor [0;39m [2m:[0;39m Shutting down ExecutorService 'applicationTaskExecutor'
[2m2020-06-21 01:51:49.177[0;39m [32m INFO[0;39m [35m16572[0;39m [2m---[0;39m [2m[  restartedMain][0;39m [36mcom.ssafy.hh.HappyHouseFinalApplication [0;39m [2m:[0;39m Starting HappyHouseFinalApplication on DESKTOP-AF1J288 with PID 16572 (C:\Users\LeeSunSoo\Documents\workspace-sts-3.9.12.RELEASE\HappyHouseFinal\bin\main started by LeeSunSoo in C:\Users\LeeSunSoo\Documents\workspace-sts-3.9.12.RELEASE\HappyHouseFinal)
[2m2020-06-21 01:51:49.178[0;39m [32m INFO[0;39m [35m16572[0;39m [2m---[0;39m [2m[  restartedMain][0;39m [36mcom.ssafy.hh.HappyHouseFinalApplication [0;39m [2m:[0;39m No active profile set, falling back to default profiles: default
[2m2020-06-21 01:51:49.433[0;39m [32m INFO[0;39m [35m16572[0;39m [2m---[0;39m [2m[  restartedMain][0;39m [36mtrationDelegate$BeanPostProcessorChecker[0;39m [2m:[0;39m Bean 'org.springframework.ws.config.annotation.DelegatingWsConfiguration' of type [org.springframework.ws.config.annotation.DelegatingWsConfiguration$$EnhancerBySpringCGLIB$$44d8baa3] is not eligible for getting processed by all BeanPostProcessors (for example: not eligible for auto-proxying)
[2m2020-06-21 01:51:49.434[0;39m [32m INFO[0;39m [35m16572[0;39m [2m---[0;39m [2m[  restartedMain][0;39m [36m.w.s.a.s.AnnotationActionEndpointMapping[0;39m [2m:[0;39m Supporting [WS-Addressing August 2004, WS-Addressing 1.0]
[2m2020-06-21 01:51:49.567[0;39m [32m INFO[0;39m [35m16572[0;39m [2m---[0;39m [2m[  restartedMain][0;39m [36mo.s.b.w.embedded.tomcat.TomcatWebServer [0;39m [2m:[0;39m Tomcat initialized with port(s): 8080 (http)
[2m2020-06-21 01:51:49.567[0;39m [32m INFO[0;39m [35m16572[0;39m [2m---[0;39m [2m[  restartedMain][0;39m [36mo.a.coyote.http11.Http11NioProtocol     [0;39m [2m:[0;39m Initializing ProtocolHandler ["http-nio-8080"]
[2m2020-06-21 01:51:49.568[0;39m [32m INFO[0;39m [35m16572[0;39m [2m---[0;39m [2m[  restartedMain][0;39m [36mo.apache.catalina.core.StandardService  [0;39m [2m:[0;39m Starting service [Tomcat]
[2m2020-06-21 01:51:49.568[0;39m [32m INFO[0;39m [35m16572[0;39m [2m---[0;39m [2m[  restartedMain][0;39m [36morg.apache.catalina.core.StandardEngine [0;39m [2m:[0;39m Starting Servlet engine: [Apache Tomcat/9.0.34]
[2m2020-06-21 01:51:49.625[0;39m [32m INFO[0;39m [35m16572[0;39m [2m---[0;39m [2m[  restartedMain][0;39m [36morg.apache.jasper.servlet.TldScanner    [0;39m [2m:[0;39m At least one JAR was scanned for TLDs yet contained no TLDs. Enable debug logging for this logger for a complete list of JARs that were scanned but no TLDs were found in them. Skipping unneeded JARs during scanning can improve startup time and JSP compilation time.
[2m2020-06-21 01:51:49.627[0;39m [32m INFO[0;39m [35m16572[0;39m [2m---[0;39m [2m[  restartedMain][0;39m [36mo.a.c.c.C.[Tomcat].[localhost].[/]      [0;39m [2m:[0;39m Initializing Spring embedded WebApplicationContext
[2m2020-06-21 01:51:49.627[0;39m [32m INFO[0;39m [35m16572[0;39m [2m---[0;39m [2m[  restartedMain][0;39m [36mo.s.web.context.ContextLoader           [0;39m [2m:[0;39m Root WebApplicationContext: initialization completed in 447 ms
[2m2020-06-21 01:51:49.832[0;39m [32m INFO[0;39m [35m16572[0;39m [2m---[0;39m [2m[  restartedMain][0;39m [36mo.s.s.concurrent.ThreadPoolTaskExecutor [0;39m [2m:[0;39m Initializing ExecutorService 'applicationTaskExecutor'
[2m2020-06-21 01:51:49.865[0;39m [32m INFO[0;39m [35m16572[0;39m [2m---[0;39m [2m[  restartedMain][0;39m [36mo.s.b.a.w.s.WelcomePageHandlerMapping   [0;39m [2m:[0;39m Adding welcome page: class path resource [static/index.html]
[2m2020-06-21 01:51:50.018[0;39m [32m INFO[0;39m [35m16572[0;39m [2m---[0;39m [2m[  restartedMain][0;39m [36mo.s.b.d.a.OptionalLiveReloadServer      [0;39m [2m:[0;39m LiveReload server is running on port 35729
[2m2020-06-21 01:51:50.029[0;39m [32m INFO[0;39m [35m16572[0;39m [2m---[0;39m [2m[  restartedMain][0;39m [36mo.a.coyote.http11.Http11NioProtocol     [0;39m [2m:[0;39m Starting ProtocolHandler ["http-nio-8080"]
[2m2020-06-21 01:51:50.041[0;39m [32m INFO[0;39m [35m16572[0;39m [2m---[0;39m [2m[  restartedMain][0;39m [36mo.s.b.w.embedded.tomcat.TomcatWebServer [0;39m [2m:[0;39m Tomcat started on port(s): 8080 (http) with context path ''
[2m2020-06-21 01:51:50.041[0;39m [32m INFO[0;39m [35m16572[0;39m [2m---[0;39m [2m[  restartedMain][0;39m [36mcom.ssafy.hh.HappyHouseFinalApplication [0;39m [2m:[0;39m Started HappyHouseFinalApplication in 0.9 seconds (JVM running for 8268.714)
[2m2020-06-21 01:51:50.042[0;39m [32m INFO[0;39m [35m16572[0;39m [2m---[0;39m [2m[  restartedMain][0;39m [36m.ConditionEvaluationDeltaLoggingListener[0;39m [2m:[0;39m Condition evaluation unchanged
[2m2020-06-21 02:06:12.247[0;39m [32m INFO[0;39m [35m16572[0;39m [2m---[0;39m [2m[      Thread-34][0;39m [36mo.s.s.concurrent.ThreadPoolTaskExecutor [0;39m [2m:[0;39m Shutting down ExecutorService 'applicationTaskExecutor'
[2m2020-06-21 02:06:13.275[0;39m [32m INFO[0;39m [35m16572[0;39m [2m---[0;39m [2m[  restartedMain][0;39m [36mcom.ssafy.hh.HappyHouseFinalApplication [0;39m [2m:[0;39m Starting HappyHouseFinalApplication on DESKTOP-AF1J288 with PID 16572 (C:\Users\LeeSunSoo\Documents\workspace-sts-3.9.12.RELEASE\HappyHouseFinal\bin\main started by LeeSunSoo in C:\Users\LeeSunSoo\Documents\workspace-sts-3.9.12.RELEASE\HappyHouseFinal)
[2m2020-06-21 02:06:13.275[0;39m [32m INFO[0;39m [35m16572[0;39m [2m---[0;39m [2m[  restartedMain][0;39m [36mcom.ssafy.hh.HappyHouseFinalApplication [0;39m [2m:[0;39m No active profile set, falling back to default profiles: default
[2m2020-06-21 02:06:13.578[0;39m [32m INFO[0;39m [35m16572[0;39m [2m---[0;39m [2m[  restartedMain][0;39m [36mtrationDelegate$BeanPostProcessorChecker[0;39m [2m:[0;39m Bean 'org.springframework.ws.config.annotation.DelegatingWsConfiguration' of type [org.springframework.ws.config.annotation.DelegatingWsConfiguration$$EnhancerBySpringCGLIB$$44d8baa3] is not eligible for getting processed by all BeanPostProcessors (for example: not eligible for auto-proxying)
[2m2020-06-21 02:06:13.580[0;39m [32m INFO[0;39m [35m16572[0;39m [2m---[0;39m [2m[  restartedMain][0;39m [36m.w.s.a.s.AnnotationActionEndpointMapping[0;39m [2m:[0;39m Supporting [WS-Addressing August 2004, WS-Addressing 1.0]
[2m2020-06-21 02:06:13.783[0;39m [32m INFO[0;39m [35m16572[0;39m [2m---[0;39m [2m[  restartedMain][0;39m [36mo.s.b.w.embedded.tomcat.TomcatWebServer [0;39m [2m:[0;39m Tomcat initialized with port(s): 8080 (http)
[2m2020-06-21 02:06:13.784[0;39m [32m INFO[0;39m [35m16572[0;39m [2m---[0;39m [2m[  restartedMain][0;39m [36mo.a.coyote.http11.Http11NioProtocol     [0;39m [2m:[0;39m Initializing ProtocolHandler ["http-nio-8080"]
[2m2020-06-21 02:06:13.784[0;39m [32m INFO[0;39m [35m16572[0;39m [2m---[0;39m [2m[  restartedMain][0;39m [36mo.apache.catalina.core.StandardService  [0;39m [2m:[0;39m Starting service [Tomcat]
[2m2020-06-21 02:06:13.784[0;39m [32m INFO[0;39m [35m16572[0;39m [2m---[0;39m [2m[  restartedMain][0;39m [36morg.apache.catalina.core.StandardEngine [0;39m [2m:[0;39m Starting Servlet engine: [Apache Tomcat/9.0.34]
[2m2020-06-21 02:06:13.858[0;39m [32m INFO[0;39m [35m16572[0;39m [2m---[0;39m [2m[  restartedMain][0;39m [36morg.apache.jasper.servlet.TldScanner    [0;39m [2m:[0;39m At least one JAR was scanned for TLDs yet contained no TLDs. Enable debug logging for this logger for a complete list of JARs that were scanned but no TLDs were found in them. Skipping unneeded JARs during scanning can improve startup time and JSP compilation time.
[2m2020-06-21 02:06:13.861[0;39m [32m INFO[0;39m [35m16572[0;39m [2m---[0;39m [2m[  restartedMain][0;39m [36mo.a.c.c.C.[Tomcat].[localhost].[/]      [0;39m [2m:[0;39m Initializing Spring embedded WebApplicationContext
[2m2020-06-21 02:06:13.861[0;39m [32m INFO[0;39m [35m16572[0;39m [2m---[0;39m [2m[  restartedMain][0;39m [36mo.s.web.context.ContextLoader           [0;39m [2m:[0;39m Root WebApplicationContext: initialization completed in 584 ms
[2m2020-06-21 02:06:14.069[0;39m [32m INFO[0;39m [35m16572[0;39m [2m---[0;39m [2m[  restartedMain][0;39m [36mo.s.s.concurrent.ThreadPoolTaskExecutor [0;39m [2m:[0;39m Initializing ExecutorService 'applicationTaskExecutor'
[2m2020-06-21 02:06:14.092[0;39m [32m INFO[0;39m [35m16572[0;39m [2m---[0;39m [2m[  restartedMain][0;39m [36mo.s.b.a.w.s.WelcomePageHandlerMapping   [0;39m [2m:[0;39m Adding welcome page: class path resource [static/index.html]
[2m2020-06-21 02:06:14.230[0;39m [32m INFO[0;39m [35m16572[0;39m [2m---[0;39m [2m[  restartedMain][0;39m [36mo.s.b.d.a.OptionalLiveReloadServer      [0;39m [2m:[0;39m LiveReload server is running on port 35729
[2m2020-06-21 02:06:14.242[0;39m [32m INFO[0;39m [35m16572[0;39m [2m---[0;39m [2m[  restartedMain][0;39m [36mo.a.coyote.http11.Http11NioProtocol     [0;39m [2m:[0;39m Starting ProtocolHandler ["http-nio-8080"]
[2m2020-06-21 02:06:14.251[0;39m [32m INFO[0;39m [35m16572[0;39m [2m---[0;39m [2m[  restartedMain][0;39m [36mo.s.b.w.embedded.tomcat.TomcatWebServer [0;39m [2m:[0;39m Tomcat started on port(s): 8080 (http) with context path ''
[2m2020-06-21 02:06:14.251[0;39m [32m INFO[0;39m [35m16572[0;39m [2m---[0;39m [2m[  restartedMain][0;39m [36mcom.ssafy.hh.HappyHouseFinalApplication [0;39m [2m:[0;39m Started HappyHouseFinalApplication in 1.008 seconds (JVM running for 9132.925)
[2m2020-06-21 02:06:14.252[0;39m [32m INFO[0;39m [35m16572[0;39m [2m---[0;39m [2m[  restartedMain][0;39m [36m.ConditionEvaluationDeltaLoggingListener[0;39m [2m:[0;39m Condition evaluation unchanged
[2m2020-06-21 02:07:29.729[0;39m [32m INFO[0;39m [35m16572[0;39m [2m---[0;39m [2m[nio-8080-exec-1][0;39m [36mo.a.c.c.C.[Tomcat].[localhost].[/]      [0;39m [2m:[0;39m Initializing Spring DispatcherServlet 'dispatcherServlet'
[2m2020-06-21 02:07:29.730[0;39m [32m INFO[0;39m [35m16572[0;39m [2m---[0;39m [2m[nio-8080-exec-1][0;39m [36mo.s.web.servlet.DispatcherServlet       [0;39m [2m:[0;39m Initializing Servlet 'dispatcherServlet'
[2m2020-06-21 02:07:29.740[0;39m [32m INFO[0;39m [35m16572[0;39m [2m---[0;39m [2m[nio-8080-exec-1][0;39m [36mo.s.web.servlet.DispatcherServlet       [0;39m [2m:[0;39m Completed initialization in 10 ms
[2m2020-06-21 02:07:29.766[0;39m [33m WARN[0;39m [35m16572[0;39m [2m---[0;39m [2m[nio-8080-exec-2][0;39m [36m.m.m.a.ExceptionHandlerExceptionResolver[0;39m [2m:[0;39m Resolved [org.springframework.web.util.NestedServletException: Handler dispatch failed; nested exception is java.lang.Error: Unresolved compilation problem: 
	This method must return a result of type int
]
[2m2020-06-21 02:08:39.995[0;39m [32m INFO[0;39m [35m16572[0;39m [2m---[0;39m [2m[      Thread-39][0;39m [36mo.s.s.concurrent.ThreadPoolTaskExecutor [0;39m [2m:[0;39m Shutting down ExecutorService 'applicationTaskExecutor'
[2m2020-06-21 02:08:41.088[0;39m [32m INFO[0;39m [35m16572[0;39m [2m---[0;39m [2m[  restartedMain][0;39m [36mcom.ssafy.hh.HappyHouseFinalApplication [0;39m [2m:[0;39m Starting HappyHouseFinalApplication on DESKTOP-AF1J288 with PID 16572 (C:\Users\LeeSunSoo\Documents\workspace-sts-3.9.12.RELEASE\HappyHouseFinal\bin\main started by LeeSunSoo in C:\Users\LeeSunSoo\Documents\workspace-sts-3.9.12.RELEASE\HappyHouseFinal)
[2m2020-06-21 02:08:41.088[0;39m [32m INFO[0;39m [35m16572[0;39m [2m---[0;39m [2m[  restartedMain][0;39m [36mcom.ssafy.hh.HappyHouseFinalApplication [0;39m [2m:[0;39m No active profile set, falling back to default profiles: default
[2m2020-06-21 02:08:41.413[0;39m [32m INFO[0;39m [35m16572[0;39m [2m---[0;39m [2m[  restartedMain][0;39m [36mtrationDelegate$BeanPostProcessorChecker[0;39m [2m:[0;39m Bean 'org.springframework.ws.config.annotation.DelegatingWsConfiguration' of type [org.springframework.ws.config.annotation.DelegatingWsConfiguration$$EnhancerBySpringCGLIB$$44d8baa3] is not eligible for getting processed by all BeanPostProcessors (for example: not eligible for auto-proxying)
[2m2020-06-21 02:08:41.414[0;39m [32m INFO[0;39m [35m16572[0;39m [2m---[0;39m [2m[  restartedMain][0;39m [36m.w.s.a.s.AnnotationActionEndpointMapping[0;39m [2m:[0;39m Supporting [WS-Addressing August 2004, WS-Addressing 1.0]
[2m2020-06-21 02:08:41.556[0;39m [32m INFO[0;39m [35m16572[0;39m [2m---[0;39m [2m[  restartedMain][0;39m [36mo.s.b.w.embedded.tomcat.TomcatWebServer [0;39m [2m:[0;39m Tomcat initialized with port(s): 8080 (http)
[2m2020-06-21 02:08:41.556[0;39m [32m INFO[0;39m [35m16572[0;39m [2m---[0;39m [2m[  restartedMain][0;39m [36mo.a.coyote.http11.Http11NioProtocol     [0;39m [2m:[0;39m Initializing ProtocolHandler ["http-nio-8080"]
[2m2020-06-21 02:08:41.556[0;39m [32m INFO[0;39m [35m16572[0;39m [2m---[0;39m [2m[  restartedMain][0;39m [36mo.apache.catalina.core.StandardService  [0;39m [2m:[0;39m Starting service [Tomcat]
[2m2020-06-21 02:08:41.556[0;39m [32m INFO[0;39m [35m16572[0;39m [2m---[0;39m [2m[  restartedMain][0;39m [36morg.apache.catalina.core.StandardEngine [0;39m [2m:[0;39m Starting Servlet engine: [Apache Tomcat/9.0.34]
[2m2020-06-21 02:08:41.622[0;39m [32m INFO[0;39m [35m16572[0;39m [2m---[0;39m [2m[  restartedMain][0;39m [36morg.apache.jasper.servlet.TldScanner    [0;39m [2m:[0;39m At least one JAR was scanned for TLDs yet contained no TLDs. Enable debug logging for this logger for a complete list of JARs that were scanned but no TLDs were found in them. Skipping unneeded JARs during scanning can improve startup time and JSP compilation time.
[2m2020-06-21 02:08:41.625[0;39m [32m INFO[0;39m [35m16572[0;39m [2m---[0;39m [2m[  restartedMain][0;39m [36mo.a.c.c.C.[Tomcat].[localhost].[/]      [0;39m [2m:[0;39m Initializing Spring embedded WebApplicationContext
[2m2020-06-21 02:08:41.625[0;39m [32m INFO[0;39m [35m16572[0;39m [2m---[0;39m [2m[  restartedMain][0;39m [36mo.s.web.context.ContextLoader           [0;39m [2m:[0;39m Root WebApplicationContext: initialization completed in 534 ms
[2m2020-06-21 02:08:41.793[0;39m [32m INFO[0;39m [35m16572[0;39m [2m---[0;39m [2m[  restartedMain][0;39m [36mo.s.s.concurrent.ThreadPoolTaskExecutor [0;39m [2m:[0;39m Initializing ExecutorService 'applicationTaskExecutor'
[2m2020-06-21 02:08:41.820[0;39m [32m INFO[0;39m [35m16572[0;39m [2m---[0;39m [2m[  restartedMain][0;39m [36mo.s.b.a.w.s.WelcomePageHandlerMapping   [0;39m [2m:[0;39m Adding welcome page: class path resource [static/index.html]
[2m2020-06-21 02:08:41.959[0;39m [32m INFO[0;39m [35m16572[0;39m [2m---[0;39m [2m[  restartedMain][0;39m [36mo.s.b.d.a.OptionalLiveReloadServer      [0;39m [2m:[0;39m LiveReload server is running on port 35729
[2m2020-06-21 02:08:41.968[0;39m [32m INFO[0;39m [35m16572[0;39m [2m---[0;39m [2m[  restartedMain][0;39m [36mo.a.coyote.http11.Http11NioProtocol     [0;39m [2m:[0;39m Starting ProtocolHandler ["http-nio-8080"]
[2m2020-06-21 02:08:41.972[0;39m [32m INFO[0;39m [35m16572[0;39m [2m---[0;39m [2m[  restartedMain][0;39m [36mo.s.b.w.embedded.tomcat.TomcatWebServer [0;39m [2m:[0;39m Tomcat started on port(s): 8080 (http) with context path ''
[2m2020-06-21 02:08:41.973[0;39m [32m INFO[0;39m [35m16572[0;39m [2m---[0;39m [2m[  restartedMain][0;39m [36mcom.ssafy.hh.HappyHouseFinalApplication [0;39m [2m:[0;39m Started HappyHouseFinalApplication in 0.928 seconds (JVM running for 9280.647)
[2m2020-06-21 02:08:41.974[0;39m [32m INFO[0;39m [35m16572[0;39m [2m---[0;39m [2m[  restartedMain][0;39m [36m.ConditionEvaluationDeltaLoggingListener[0;39m [2m:[0;39m Condition evaluation unchanged
[2m2020-06-21 02:08:43.448[0;39m [32m INFO[0;39m [35m16572[0;39m [2m---[0;39m [2m[      Thread-44][0;39m [36mo.s.s.concurrent.ThreadPoolTaskExecutor [0;39m [2m:[0;39m Shutting down ExecutorService 'applicationTaskExecutor'
[2m2020-06-21 02:08:44.457[0;39m [32m INFO[0;39m [35m16572[0;39m [2m---[0;39m [2m[  restartedMain][0;39m [36mcom.ssafy.hh.HappyHouseFinalApplication [0;39m [2m:[0;39m Starting HappyHouseFinalApplication on DESKTOP-AF1J288 with PID 16572 (C:\Users\LeeSunSoo\Documents\workspace-sts-3.9.12.RELEASE\HappyHouseFinal\bin\main started by LeeSunSoo in C:\Users\LeeSunSoo\Documents\workspace-sts-3.9.12.RELEASE\HappyHouseFinal)
[2m2020-06-21 02:08:44.457[0;39m [32m INFO[0;39m [35m16572[0;39m [2m---[0;39m [2m[  restartedMain][0;39m [36mcom.ssafy.hh.HappyHouseFinalApplication [0;39m [2m:[0;39m No active profile set, falling back to default profiles: default
[2m2020-06-21 02:08:44.754[0;39m [32m INFO[0;39m [35m16572[0;39m [2m---[0;39m [2m[  restartedMain][0;39m [36mtrationDelegate$BeanPostProcessorChecker[0;39m [2m:[0;39m Bean 'org.springframework.ws.config.annotation.DelegatingWsConfiguration' of type [org.springframework.ws.config.annotation.DelegatingWsConfiguration$$EnhancerBySpringCGLIB$$44d8baa3] is not eligible for getting processed by all BeanPostProcessors (for example: not eligible for auto-proxying)
[2m2020-06-21 02:08:44.754[0;39m [32m INFO[0;39m [35m16572[0;39m [2m---[0;39m [2m[  restartedMain][0;39m [36m.w.s.a.s.AnnotationActionEndpointMapping[0;39m [2m:[0;39m Supporting [WS-Addressing August 2004, WS-Addressing 1.0]
[2m2020-06-21 02:08:44.887[0;39m [32m INFO[0;39m [35m16572[0;39m [2m---[0;39m [2m[  restartedMain][0;39m [36mo.s.b.w.embedded.tomcat.TomcatWebServer [0;39m [2m:[0;39m Tomcat initialized with port(s): 8080 (http)
[2m2020-06-21 02:08:44.887[0;39m [32m INFO[0;39m [35m16572[0;39m [2m---[0;39m [2m[  restartedMain][0;39m [36mo.a.coyote.http11.Http11NioProtocol     [0;39m [2m:[0;39m Initializing ProtocolHandler ["http-nio-8080"]
[2m2020-06-21 02:08:44.888[0;39m [32m INFO[0;39m [35m16572[0;39m [2m---[0;39m [2m[  restartedMain][0;39m [36mo.apache.catalina.core.StandardService  [0;39m [2m:[0;39m Starting service [Tomcat]
[2m2020-06-21 02:08:44.888[0;39m [32m INFO[0;39m [35m16572[0;39m [2m---[0;39m [2m[  restartedMain][0;39m [36morg.apache.catalina.core.StandardEngine [0;39m [2m:[0;39m Starting Servlet engine: [Apache Tomcat/9.0.34]
[2m2020-06-21 02:08:44.942[0;39m [32m INFO[0;39m [35m16572[0;39m [2m---[0;39m [2m[  restartedMain][0;39m [36morg.apache.jasper.servlet.TldScanner    [0;39m [2m:[0;39m At least one JAR was scanned for TLDs yet contained no TLDs. Enable debug logging for this logger for a complete list of JARs that were scanned but no TLDs were found in them. Skipping unneeded JARs during scanning can improve startup time and JSP compilation time.
[2m2020-06-21 02:08:44.944[0;39m [32m INFO[0;39m [35m16572[0;39m [2m---[0;39m [2m[  restartedMain][0;39m [36mo.a.c.c.C.[Tomcat].[localhost].[/]      [0;39m [2m:[0;39m Initializing Spring embedded WebApplicationContext
[2m2020-06-21 02:08:44.944[0;39m [32m INFO[0;39m [35m16572[0;39m [2m---[0;39m [2m[  restartedMain][0;39m [36mo.s.web.context.ContextLoader           [0;39m [2m:[0;39m Root WebApplicationContext: initialization completed in 484 ms
[2m2020-06-21 02:08:45.385[0;39m [32m INFO[0;39m [35m16572[0;39m [2m---[0;39m [2m[  restartedMain][0;39m [36mo.s.s.concurrent.ThreadPoolTaskExecutor [0;39m [2m:[0;39m Initializing ExecutorService 'applicationTaskExecutor'
[2m2020-06-21 02:08:45.425[0;39m [32m INFO[0;39m [35m16572[0;39m [2m---[0;39m [2m[  restartedMain][0;39m [36mo.s.b.a.w.s.WelcomePageHandlerMapping   [0;39m [2m:[0;39m Adding welcome page: class path resource [static/index.html]
[2m2020-06-21 02:08:45.612[0;39m [32m INFO[0;39m [35m16572[0;39m [2m---[0;39m [2m[  restartedMain][0;39m [36mo.s.b.d.a.OptionalLiveReloadServer      [0;39m [2m:[0;39m LiveReload server is running on port 35729
[2m2020-06-21 02:08:45.624[0;39m [32m INFO[0;39m [35m16572[0;39m [2m---[0;39m [2m[  restartedMain][0;39m [36mo.a.coyote.http11.Http11NioProtocol     [0;39m [2m:[0;39m Starting ProtocolHandler ["http-nio-8080"]
[2m2020-06-21 02:08:45.628[0;39m [32m INFO[0;39m [35m16572[0;39m [2m---[0;39m [2m[  restartedMain][0;39m [36mo.s.b.w.embedded.tomcat.TomcatWebServer [0;39m [2m:[0;39m Tomcat started on port(s): 8080 (http) with context path ''
[2m2020-06-21 02:08:45.628[0;39m [32m INFO[0;39m [35m16572[0;39m [2m---[0;39m [2m[  restartedMain][0;39m [36mcom.ssafy.hh.HappyHouseFinalApplication [0;39m [2m:[0;39m Started HappyHouseFinalApplication in 1.209 seconds (JVM running for 9284.302)
[2m2020-06-21 02:08:45.629[0;39m [32m INFO[0;39m [35m16572[0;39m [2m---[0;39m [2m[  restartedMain][0;39m [36m.ConditionEvaluationDeltaLoggingListener[0;39m [2m:[0;39m Condition evaluation unchanged
[2m2020-06-21 02:08:47.692[0;39m [32m INFO[0;39m [35m16572[0;39m [2m---[0;39m [2m[nio-8080-exec-1][0;39m [36mo.a.c.c.C.[Tomcat].[localhost].[/]      [0;39m [2m:[0;39m Initializing Spring DispatcherServlet 'dispatcherServlet'
[2m2020-06-21 02:08:47.693[0;39m [32m INFO[0;39m [35m16572[0;39m [2m---[0;39m [2m[nio-8080-exec-1][0;39m [36mo.s.web.servlet.DispatcherServlet       [0;39m [2m:[0;39m Initializing Servlet 'dispatcherServlet'
[2m2020-06-21 02:08:47.702[0;39m [32m INFO[0;39m [35m16572[0;39m [2m---[0;39m [2m[nio-8080-exec-1][0;39m [36mo.s.web.servlet.DispatcherServlet       [0;39m [2m:[0;39m Completed initialization in 9 ms
[2m2020-06-21 02:08:47.705[0;39m [33m WARN[0;39m [35m16572[0;39m [2m---[0;39m [2m[nio-8080-exec-1][0;39m [36m.m.m.a.ExceptionHandlerExceptionResolver[0;39m [2m:[0;39m Resolved [org.springframework.web.util.NestedServletException: Handler dispatch failed; nested exception is java.lang.Error: Unresolved compilation problem: 
	This method must return a result of type int
]
[2m2020-06-21 02:10:36.574[0;39m [32m INFO[0;39m [35m16572[0;39m [2m---[0;39m [2m[      Thread-49][0;39m [36mo.s.s.concurrent.ThreadPoolTaskExecutor [0;39m [2m:[0;39m Shutting down ExecutorService 'applicationTaskExecutor'
[2m2020-06-21 02:10:37.584[0;39m [32m INFO[0;39m [35m16572[0;39m [2m---[0;39m [2m[  restartedMain][0;39m [36mcom.ssafy.hh.HappyHouseFinalApplication [0;39m [2m:[0;39m Starting HappyHouseFinalApplication on DESKTOP-AF1J288 with PID 16572 (C:\Users\LeeSunSoo\Documents\workspace-sts-3.9.12.RELEASE\HappyHouseFinal\bin\main started by LeeSunSoo in C:\Users\LeeSunSoo\Documents\workspace-sts-3.9.12.RELEASE\HappyHouseFinal)
[2m2020-06-21 02:10:37.585[0;39m [32m INFO[0;39m [35m16572[0;39m [2m---[0;39m [2m[  restartedMain][0;39m [36mcom.ssafy.hh.HappyHouseFinalApplication [0;39m [2m:[0;39m No active profile set, falling back to default profiles: default
[2m2020-06-21 02:10:37.829[0;39m [32m INFO[0;39m [35m16572[0;39m [2m---[0;39m [2m[  restartedMain][0;39m [36mtrationDelegate$BeanPostProcessorChecker[0;39m [2m:[0;39m Bean 'org.springframework.ws.config.annotation.DelegatingWsConfiguration' of type [org.springframework.ws.config.annotation.DelegatingWsConfiguration$$EnhancerBySpringCGLIB$$44d8baa3] is not eligible for getting processed by all BeanPostProcessors (for example: not eligible for auto-proxying)
[2m2020-06-21 02:10:37.829[0;39m [32m INFO[0;39m [35m16572[0;39m [2m---[0;39m [2m[  restartedMain][0;39m [36m.w.s.a.s.AnnotationActionEndpointMapping[0;39m [2m:[0;39m Supporting [WS-Addressing August 2004, WS-Addressing 1.0]
[2m2020-06-21 02:10:37.951[0;39m [32m INFO[0;39m [35m16572[0;39m [2m---[0;39m [2m[  restartedMain][0;39m [36mo.s.b.w.embedded.tomcat.TomcatWebServer [0;39m [2m:[0;39m Tomcat initialized with port(s): 8080 (http)
[2m2020-06-21 02:10:37.951[0;39m [32m INFO[0;39m [35m16572[0;39m [2m---[0;39m [2m[  restartedMain][0;39m [36mo.a.coyote.http11.Http11NioProtocol     [0;39m [2m:[0;39m Initializing ProtocolHandler ["http-nio-8080"]
[2m2020-06-21 02:10:37.951[0;39m [32m INFO[0;39m [35m16572[0;39m [2m---[0;39m [2m[  restartedMain][0;39m [36mo.apache.catalina.core.StandardService  [0;39m [2m:[0;39m Starting service [Tomcat]
[2m2020-06-21 02:10:37.951[0;39m [32m INFO[0;39m [35m16572[0;39m [2m---[0;39m [2m[  restartedMain][0;39m [36morg.apache.catalina.core.StandardEngine [0;39m [2m:[0;39m Starting Servlet engine: [Apache Tomcat/9.0.34]
[2m2020-06-21 02:10:38.009[0;39m [32m INFO[0;39m [35m16572[0;39m [2m---[0;39m [2m[  restartedMain][0;39m [36morg.apache.jasper.servlet.TldScanner    [0;39m [2m:[0;39m At least one JAR was scanned for TLDs yet contained no TLDs. Enable debug logging for this logger for a complete list of JARs that were scanned but no TLDs were found in them. Skipping unneeded JARs during scanning can improve startup time and JSP compilation time.
[2m2020-06-21 02:10:38.011[0;39m [32m INFO[0;39m [35m16572[0;39m [2m---[0;39m [2m[  restartedMain][0;39m [36mo.a.c.c.C.[Tomcat].[localhost].[/]      [0;39m [2m:[0;39m Initializing Spring embedded WebApplicationContext
[2m2020-06-21 02:10:38.011[0;39m [32m INFO[0;39m [35m16572[0;39m [2m---[0;39m [2m[  restartedMain][0;39m [36mo.s.web.context.ContextLoader           [0;39m [2m:[0;39m Root WebApplicationContext: initialization completed in 424 ms
[2m2020-06-21 02:10:38.173[0;39m [32m INFO[0;39m [35m16572[0;39m [2m---[0;39m [2m[  restartedMain][0;39m [36mo.s.s.concurrent.ThreadPoolTaskExecutor [0;39m [2m:[0;39m Initializing ExecutorService 'applicationTaskExecutor'
[2m2020-06-21 02:10:38.195[0;39m [32m INFO[0;39m [35m16572[0;39m [2m---[0;39m [2m[  restartedMain][0;39m [36mo.s.b.a.w.s.WelcomePageHandlerMapping   [0;39m [2m:[0;39m Adding welcome page: class path resource [static/index.html]
[2m2020-06-21 02:10:38.350[0;39m [32m INFO[0;39m [35m16572[0;39m [2m---[0;39m [2m[  restartedMain][0;39m [36mo.s.b.d.a.OptionalLiveReloadServer      [0;39m [2m:[0;39m LiveReload server is running on port 35729
[2m2020-06-21 02:10:38.362[0;39m [32m INFO[0;39m [35m16572[0;39m [2m---[0;39m [2m[  restartedMain][0;39m [36mo.a.coyote.http11.Http11NioProtocol     [0;39m [2m:[0;39m Starting ProtocolHandler ["http-nio-8080"]
[2m2020-06-21 02:10:38.366[0;39m [32m INFO[0;39m [35m16572[0;39m [2m---[0;39m [2m[  restartedMain][0;39m [36mo.s.b.w.embedded.tomcat.TomcatWebServer [0;39m [2m:[0;39m Tomcat started on port(s): 8080 (http) with context path ''
[2m2020-06-21 02:10:38.367[0;39m [32m INFO[0;39m [35m16572[0;39m [2m---[0;39m [2m[  restartedMain][0;39m [36mcom.ssafy.hh.HappyHouseFinalApplication [0;39m [2m:[0;39m Started HappyHouseFinalApplication in 0.816 seconds (JVM running for 9397.041)
[2m2020-06-21 02:10:38.369[0;39m [32m INFO[0;39m [35m16572[0;39m [2m---[0;39m [2m[  restartedMain][0;39m [36m.ConditionEvaluationDeltaLoggingListener[0;39m [2m:[0;39m Condition evaluation unchanged
[2m2020-06-21 02:10:40.135[0;39m [32m INFO[0;39m [35m16572[0;39m [2m---[0;39m [2m[nio-8080-exec-1][0;39m [36mo.a.c.c.C.[Tomcat].[localhost].[/]      [0;39m [2m:[0;39m Initializing Spring DispatcherServlet 'dispatcherServlet'
[2m2020-06-21 02:10:40.137[0;39m [32m INFO[0;39m [35m16572[0;39m [2m---[0;39m [2m[nio-8080-exec-1][0;39m [36mo.s.web.servlet.DispatcherServlet       [0;39m [2m:[0;39m Initializing Servlet 'dispatcherServlet'
[2m2020-06-21 02:10:40.145[0;39m [32m INFO[0;39m [35m16572[0;39m [2m---[0;39m [2m[nio-8080-exec-1][0;39m [36mo.s.web.servlet.DispatcherServlet       [0;39m [2m:[0;39m Completed initialization in 8 ms
[2m2020-06-21 02:10:40.151[0;39m [32m INFO[0;39m [35m16572[0;39m [2m---[0;39m [2m[nio-8080-exec-1][0;39m [36mcom.zaxxer.hikari.HikariDataSource      [0;39m [2m:[0;39m HikariPool-2 - Starting...
[2m2020-06-21 02:10:40.234[0;39m [32m INFO[0;39m [35m16572[0;39m [2m---[0;39m [2m[nio-8080-exec-1][0;39m [36mcom.zaxxer.hikari.HikariDataSource      [0;39m [2m:[0;39m HikariPool-2 - Start completed.
[2m2020-06-21 02:10:40.245[0;39m [33m WARN[0;39m [35m16572[0;39m [2m---[0;39m [2m[nio-8080-exec-1][0;39m [36m.m.m.a.ExceptionHandlerExceptionResolver[0;39m [2m:[0;39m Resolved [org.mybatis.spring.MyBatisSystemException: nested exception is org.apache.ibatis.reflection.ReflectionException: There is no getter for property named 'address' in 'class com.ssafy.hh.member.dto.MemberDto']
[2m2020-06-21 02:11:19.530[0;39m [32m INFO[0;39m [35m16572[0;39m [2m---[0;39m [2m[      Thread-54][0;39m [36mo.s.s.concurrent.ThreadPoolTaskExecutor [0;39m [2m:[0;39m Shutting down ExecutorService 'applicationTaskExecutor'
[2m2020-06-21 02:11:19.531[0;39m [32m INFO[0;39m [35m16572[0;39m [2m---[0;39m [2m[      Thread-54][0;39m [36mcom.zaxxer.hikari.HikariDataSource      [0;39m [2m:[0;39m HikariPool-2 - Shutdown initiated...
[2m2020-06-21 02:11:19.543[0;39m [32m INFO[0;39m [35m16572[0;39m [2m---[0;39m [2m[      Thread-54][0;39m [36mcom.zaxxer.hikari.HikariDataSource      [0;39m [2m:[0;39m HikariPool-2 - Shutdown completed.
[2m2020-06-21 02:11:20.726[0;39m [32m INFO[0;39m [35m16572[0;39m [2m---[0;39m [2m[  restartedMain][0;39m [36mcom.ssafy.hh.HappyHouseFinalApplication [0;39m [2m:[0;39m Starting HappyHouseFinalApplication on DESKTOP-AF1J288 with PID 16572 (C:\Users\LeeSunSoo\Documents\workspace-sts-3.9.12.RELEASE\HappyHouseFinal\bin\main started by LeeSunSoo in C:\Users\LeeSunSoo\Documents\workspace-sts-3.9.12.RELEASE\HappyHouseFinal)
[2m2020-06-21 02:11:20.726[0;39m [32m INFO[0;39m [35m16572[0;39m [2m---[0;39m [2m[  restartedMain][0;39m [36mcom.ssafy.hh.HappyHouseFinalApplication [0;39m [2m:[0;39m No active profile set, falling back to default profiles: default
[2m2020-06-21 02:11:20.997[0;39m [32m INFO[0;39m [35m16572[0;39m [2m---[0;39m [2m[  restartedMain][0;39m [36mtrationDelegate$BeanPostProcessorChecker[0;39m [2m:[0;39m Bean 'org.springframework.ws.config.annotation.DelegatingWsConfiguration' of type [org.springframework.ws.config.annotation.DelegatingWsConfiguration$$EnhancerBySpringCGLIB$$44d8baa3] is not eligible for getting processed by all BeanPostProcessors (for example: not eligible for auto-proxying)
[2m2020-06-21 02:11:20.997[0;39m [32m INFO[0;39m [35m16572[0;39m [2m---[0;39m [2m[  restartedMain][0;39m [36m.w.s.a.s.AnnotationActionEndpointMapping[0;39m [2m:[0;39m Supporting [WS-Addressing August 2004, WS-Addressing 1.0]
[2m2020-06-21 02:11:21.110[0;39m [32m INFO[0;39m [35m16572[0;39m [2m---[0;39m [2m[  restartedMain][0;39m [36mo.s.b.w.embedded.tomcat.TomcatWebServer [0;39m [2m:[0;39m Tomcat initialized with port(s): 8080 (http)
[2m2020-06-21 02:11:21.110[0;39m [32m INFO[0;39m [35m16572[0;39m [2m---[0;39m [2m[  restartedMain][0;39m [36mo.a.coyote.http11.Http11NioProtocol     [0;39m [2m:[0;39m Initializing ProtocolHandler ["http-nio-8080"]
[2m2020-06-21 02:11:21.111[0;39m [32m INFO[0;39m [35m16572[0;39m [2m---[0;39m [2m[  restartedMain][0;39m [36mo.apache.catalina.core.StandardService  [0;39m [2m:[0;39m Starting service [Tomcat]
[2m2020-06-21 02:11:21.111[0;39m [32m INFO[0;39m [35m16572[0;39m [2m---[0;39m [2m[  restartedMain][0;39m [36morg.apache.catalina.core.StandardEngine [0;39m [2m:[0;39m Starting Servlet engine: [Apache Tomcat/9.0.34]
[2m2020-06-21 02:11:21.169[0;39m [32m INFO[0;39m [35m16572[0;39m [2m---[0;39m [2m[  restartedMain][0;39m [36morg.apache.jasper.servlet.TldScanner    [0;39m [2m:[0;39m At least one JAR was scanned for TLDs yet contained no TLDs. Enable debug logging for this logger for a complete list of JARs that were scanned but no TLDs were found in them. Skipping unneeded JARs during scanning can improve startup time and JSP compilation time.
[2m2020-06-21 02:11:21.171[0;39m [32m INFO[0;39m [35m16572[0;39m [2m---[0;39m [2m[  restartedMain][0;39m [36mo.a.c.c.C.[Tomcat].[localhost].[/]      [0;39m [2m:[0;39m Initializing Spring embedded WebApplicationContext
[2m2020-06-21 02:11:21.171[0;39m [32m INFO[0;39m [35m16572[0;39m [2m---[0;39m [2m[  restartedMain][0;39m [36mo.s.web.context.ContextLoader           [0;39m [2m:[0;39m Root WebApplicationContext: initialization completed in 442 ms
[2m2020-06-21 02:11:21.339[0;39m [32m INFO[0;39m [35m16572[0;39m [2m---[0;39m [2m[  restartedMain][0;39m [36mo.s.s.concurrent.ThreadPoolTaskExecutor [0;39m [2m:[0;39m Initializing ExecutorService 'applicationTaskExecutor'
[2m2020-06-21 02:11:21.360[0;39m [32m INFO[0;39m [35m16572[0;39m [2m---[0;39m [2m[  restartedMain][0;39m [36mo.s.b.a.w.s.WelcomePageHandlerMapping   [0;39m [2m:[0;39m Adding welcome page: class path resource [static/index.html]
[2m2020-06-21 02:11:21.497[0;39m [32m INFO[0;39m [35m16572[0;39m [2m---[0;39m [2m[  restartedMain][0;39m [36mo.s.b.d.a.OptionalLiveReloadServer      [0;39m [2m:[0;39m LiveReload server is running on port 35729
[2m2020-06-21 02:11:21.506[0;39m [32m INFO[0;39m [35m16572[0;39m [2m---[0;39m [2m[  restartedMain][0;39m [36mo.a.coyote.http11.Http11NioProtocol     [0;39m [2m:[0;39m Starting ProtocolHandler ["http-nio-8080"]
[2m2020-06-21 02:11:21.509[0;39m [32m INFO[0;39m [35m16572[0;39m [2m---[0;39m [2m[  restartedMain][0;39m [36mo.s.b.w.embedded.tomcat.TomcatWebServer [0;39m [2m:[0;39m Tomcat started on port(s): 8080 (http) with context path ''
[2m2020-06-21 02:11:21.510[0;39m [32m INFO[0;39m [35m16572[0;39m [2m---[0;39m [2m[  restartedMain][0;39m [36mcom.ssafy.hh.HappyHouseFinalApplication [0;39m [2m:[0;39m Started HappyHouseFinalApplication in 0.821 seconds (JVM running for 9440.183)
[2m2020-06-21 02:11:21.511[0;39m [32m INFO[0;39m [35m16572[0;39m [2m---[0;39m [2m[  restartedMain][0;39m [36m.ConditionEvaluationDeltaLoggingListener[0;39m [2m:[0;39m Condition evaluation unchanged
[2m2020-06-21 02:11:25.622[0;39m [32m INFO[0;39m [35m16572[0;39m [2m---[0;39m [2m[nio-8080-exec-1][0;39m [36mo.a.c.c.C.[Tomcat].[localhost].[/]      [0;39m [2m:[0;39m Initializing Spring DispatcherServlet 'dispatcherServlet'
[2m2020-06-21 02:11:25.623[0;39m [32m INFO[0;39m [35m16572[0;39m [2m---[0;39m [2m[nio-8080-exec-1][0;39m [36mo.s.web.servlet.DispatcherServlet       [0;39m [2m:[0;39m Initializing Servlet 'dispatcherServlet'
[2m2020-06-21 02:11:25.634[0;39m [32m INFO[0;39m [35m16572[0;39m [2m---[0;39m [2m[nio-8080-exec-1][0;39m [36mo.s.web.servlet.DispatcherServlet       [0;39m [2m:[0;39m Completed initialization in 11 ms
[2m2020-06-21 02:11:25.637[0;39m [32m INFO[0;39m [35m16572[0;39m [2m---[0;39m [2m[nio-8080-exec-1][0;39m [36mcom.zaxxer.hikari.HikariDataSource      [0;39m [2m:[0;39m HikariPool-3 - Starting...
[2m2020-06-21 02:11:25.658[0;39m [32m INFO[0;39m [35m16572[0;39m [2m---[0;39m [2m[nio-8080-exec-1][0;39m [36mcom.zaxxer.hikari.HikariDataSource      [0;39m [2m:[0;39m HikariPool-3 - Start completed.
[2m2020-06-21 02:11:25.741[0;39m [33m WARN[0;39m [35m16572[0;39m [2m---[0;39m [2m[nio-8080-exec-1][0;39m [36m.m.m.a.ExceptionHandlerExceptionResolver[0;39m [2m:[0;39m Resolved [org.springframework.dao.DataIntegrityViolationException: 
### Error updating database.  Cause: java.sql.SQLIntegrityConstraintViolationException: Column 'password' cannot be null
### The error may exist in mapper/member_query.xml
### The error may involve defaultParameterMap
### The error occurred while setting parameters
### SQL: insert into happyhouse_member (password, name, email)         values (?, ?, ?)
### Cause: java.sql.SQLIntegrityConstraintViolationException: Column 'password' cannot be null
; Column 'password' cannot be null; nested exception is java.sql.SQLIntegrityConstraintViolationException: Column 'password' cannot be null]
[2m2020-06-21 02:13:48.925[0;39m [32m INFO[0;39m [35m16572[0;39m [2m---[0;39m [2m[      Thread-59][0;39m [36mo.s.s.concurrent.ThreadPoolTaskExecutor [0;39m [2m:[0;39m Shutting down ExecutorService 'applicationTaskExecutor'
[2m2020-06-21 02:13:48.925[0;39m [32m INFO[0;39m [35m16572[0;39m [2m---[0;39m [2m[      Thread-59][0;39m [36mcom.zaxxer.hikari.HikariDataSource      [0;39m [2m:[0;39m HikariPool-3 - Shutdown initiated...
[2m2020-06-21 02:13:48.939[0;39m [32m INFO[0;39m [35m16572[0;39m [2m---[0;39m [2m[      Thread-59][0;39m [36mcom.zaxxer.hikari.HikariDataSource      [0;39m [2m:[0;39m HikariPool-3 - Shutdown completed.
[2m2020-06-21 02:13:50.025[0;39m [32m INFO[0;39m [35m16572[0;39m [2m---[0;39m [2m[  restartedMain][0;39m [36mcom.ssafy.hh.HappyHouseFinalApplication [0;39m [2m:[0;39m Starting HappyHouseFinalApplication on DESKTOP-AF1J288 with PID 16572 (C:\Users\LeeSunSoo\Documents\workspace-sts-3.9.12.RELEASE\HappyHouseFinal\bin\main started by LeeSunSoo in C:\Users\LeeSunSoo\Documents\workspace-sts-3.9.12.RELEASE\HappyHouseFinal)
[2m2020-06-21 02:13:50.025[0;39m [32m INFO[0;39m [35m16572[0;39m [2m---[0;39m [2m[  restartedMain][0;39m [36mcom.ssafy.hh.HappyHouseFinalApplication [0;39m [2m:[0;39m No active profile set, falling back to default profiles: default
[2m2020-06-21 02:13:50.263[0;39m [32m INFO[0;39m [35m16572[0;39m [2m---[0;39m [2m[  restartedMain][0;39m [36mtrationDelegate$BeanPostProcessorChecker[0;39m [2m:[0;39m Bean 'org.springframework.ws.config.annotation.DelegatingWsConfiguration' of type [org.springframework.ws.config.annotation.DelegatingWsConfiguration$$EnhancerBySpringCGLIB$$44d8baa3] is not eligible for getting processed by all BeanPostProcessors (for example: not eligible for auto-proxying)
[2m2020-06-21 02:13:50.263[0;39m [32m INFO[0;39m [35m16572[0;39m [2m---[0;39m [2m[  restartedMain][0;39m [36m.w.s.a.s.AnnotationActionEndpointMapping[0;39m [2m:[0;39m Supporting [WS-Addressing August 2004, WS-Addressing 1.0]
[2m2020-06-21 02:13:50.377[0;39m [32m INFO[0;39m [35m16572[0;39m [2m---[0;39m [2m[  restartedMain][0;39m [36mo.s.b.w.embedded.tomcat.TomcatWebServer [0;39m [2m:[0;39m Tomcat initialized with port(s): 8080 (http)
[2m2020-06-21 02:13:50.377[0;39m [32m INFO[0;39m [35m16572[0;39m [2m---[0;39m [2m[  restartedMain][0;39m [36mo.a.coyote.http11.Http11NioProtocol     [0;39m [2m:[0;39m Initializing ProtocolHandler ["http-nio-8080"]
[2m2020-06-21 02:13:50.378[0;39m [32m INFO[0;39m [35m16572[0;39m [2m---[0;39m [2m[  restartedMain][0;39m [36mo.apache.catalina.core.StandardService  [0;39m [2m:[0;39m Starting service [Tomcat]
[2m2020-06-21 02:13:50.378[0;39m [32m INFO[0;39m [35m16572[0;39m [2m---[0;39m [2m[  restartedMain][0;39m [36morg.apache.catalina.core.StandardEngine [0;39m [2m:[0;39m Starting Servlet engine: [Apache Tomcat/9.0.34]
[2m2020-06-21 02:13:50.436[0;39m [32m INFO[0;39m [35m16572[0;39m [2m---[0;39m [2m[  restartedMain][0;39m [36morg.apache.jasper.servlet.TldScanner    [0;39m [2m:[0;39m At least one JAR was scanned for TLDs yet contained no TLDs. Enable debug logging for this logger for a complete list of JARs that were scanned but no TLDs were found in them. Skipping unneeded JARs during scanning can improve startup time and JSP compilation time.
[2m2020-06-21 02:13:50.437[0;39m [32m INFO[0;39m [35m16572[0;39m [2m---[0;39m [2m[  restartedMain][0;39m [36mo.a.c.c.C.[Tomcat].[localhost].[/]      [0;39m [2m:[0;39m Initializing Spring embedded WebApplicationContext
[2m2020-06-21 02:13:50.437[0;39m [32m INFO[0;39m [35m16572[0;39m [2m---[0;39m [2m[  restartedMain][0;39m [36mo.s.web.context.ContextLoader           [0;39m [2m:[0;39m Root WebApplicationContext: initialization completed in 410 ms
[2m2020-06-21 02:13:50.609[0;39m [32m INFO[0;39m [35m16572[0;39m [2m---[0;39m [2m[  restartedMain][0;39m [36mo.s.s.concurrent.ThreadPoolTaskExecutor [0;39m [2m:[0;39m Initializing ExecutorService 'applicationTaskExecutor'
[2m2020-06-21 02:13:50.632[0;39m [32m INFO[0;39m [35m16572[0;39m [2m---[0;39m [2m[  restartedMain][0;39m [36mo.s.b.a.w.s.WelcomePageHandlerMapping   [0;39m [2m:[0;39m Adding welcome page: class path resource [static/index.html]
[2m2020-06-21 02:13:50.782[0;39m [32m INFO[0;39m [35m16572[0;39m [2m---[0;39m [2m[  restartedMain][0;39m [36mo.s.b.d.a.OptionalLiveReloadServer      [0;39m [2m:[0;39m LiveReload server is running on port 35729
[2m2020-06-21 02:13:50.791[0;39m [32m INFO[0;39m [35m16572[0;39m [2m---[0;39m [2m[  restartedMain][0;39m [36mo.a.coyote.http11.Http11NioProtocol     [0;39m [2m:[0;39m Starting ProtocolHandler ["http-nio-8080"]
[2m2020-06-21 02:13:50.795[0;39m [32m INFO[0;39m [35m16572[0;39m [2m---[0;39m [2m[  restartedMain][0;39m [36mo.s.b.w.embedded.tomcat.TomcatWebServer [0;39m [2m:[0;39m Tomcat started on port(s): 8080 (http) with context path ''
[2m2020-06-21 02:13:50.795[0;39m [32m INFO[0;39m [35m16572[0;39m [2m---[0;39m [2m[  restartedMain][0;39m [36mcom.ssafy.hh.HappyHouseFinalApplication [0;39m [2m:[0;39m Started HappyHouseFinalApplication in 0.798 seconds (JVM running for 9589.469)
[2m2020-06-21 02:13:50.797[0;39m [32m INFO[0;39m [35m16572[0;39m [2m---[0;39m [2m[  restartedMain][0;39m [36m.ConditionEvaluationDeltaLoggingListener[0;39m [2m:[0;39m Condition evaluation unchanged
[2m2020-06-21 02:14:04.791[0;39m [32m INFO[0;39m [35m16572[0;39m [2m---[0;39m [2m[      Thread-64][0;39m [36mo.s.s.concurrent.ThreadPoolTaskExecutor [0;39m [2m:[0;39m Shutting down ExecutorService 'applicationTaskExecutor'
[2m2020-06-21 02:14:05.780[0;39m [32m INFO[0;39m [35m16572[0;39m [2m---[0;39m [2m[  restartedMain][0;39m [36mcom.ssafy.hh.HappyHouseFinalApplication [0;39m [2m:[0;39m Starting HappyHouseFinalApplication on DESKTOP-AF1J288 with PID 16572 (C:\Users\LeeSunSoo\Documents\workspace-sts-3.9.12.RELEASE\HappyHouseFinal\bin\main started by LeeSunSoo in C:\Users\LeeSunSoo\Documents\workspace-sts-3.9.12.RELEASE\HappyHouseFinal)
[2m2020-06-21 02:14:05.780[0;39m [32m INFO[0;39m [35m16572[0;39m [2m---[0;39m [2m[  restartedMain][0;39m [36mcom.ssafy.hh.HappyHouseFinalApplication [0;39m [2m:[0;39m No active profile set, falling back to default profiles: default
[2m2020-06-21 02:14:06.056[0;39m [32m INFO[0;39m [35m16572[0;39m [2m---[0;39m [2m[  restartedMain][0;39m [36mtrationDelegate$BeanPostProcessorChecker[0;39m [2m:[0;39m Bean 'org.springframework.ws.config.annotation.DelegatingWsConfiguration' of type [org.springframework.ws.config.annotation.DelegatingWsConfiguration$$EnhancerBySpringCGLIB$$44d8baa3] is not eligible for getting processed by all BeanPostProcessors (for example: not eligible for auto-proxying)
[2m2020-06-21 02:14:06.056[0;39m [32m INFO[0;39m [35m16572[0;39m [2m---[0;39m [2m[  restartedMain][0;39m [36m.w.s.a.s.AnnotationActionEndpointMapping[0;39m [2m:[0;39m Supporting [WS-Addressing August 2004, WS-Addressing 1.0]
[2m2020-06-21 02:14:06.223[0;39m [32m INFO[0;39m [35m16572[0;39m [2m---[0;39m [2m[  restartedMain][0;39m [36mo.s.b.w.embedded.tomcat.TomcatWebServer [0;39m [2m:[0;39m Tomcat initialized with port(s): 8080 (http)
[2m2020-06-21 02:14:06.224[0;39m [32m INFO[0;39m [35m16572[0;39m [2m---[0;39m [2m[  restartedMain][0;39m [36mo.a.coyote.http11.Http11NioProtocol     [0;39m [2m:[0;39m Initializing ProtocolHandler ["http-nio-8080"]
[2m2020-06-21 02:14:06.224[0;39m [32m INFO[0;39m [35m16572[0;39m [2m---[0;39m [2m[  restartedMain][0;39m [36mo.apache.catalina.core.StandardService  [0;39m [2m:[0;39m Starting service [Tomcat]
[2m2020-06-21 02:14:06.224[0;39m [32m INFO[0;39m [35m16572[0;39m [2m---[0;39m [2m[  restartedMain][0;39m [36morg.apache.catalina.core.StandardEngine [0;39m [2m:[0;39m Starting Servlet engine: [Apache Tomcat/9.0.34]
[2m2020-06-21 02:14:06.294[0;39m [32m INFO[0;39m [35m16572[0;39m [2m---[0;39m [2m[  restartedMain][0;39m [36morg.apache.jasper.servlet.TldScanner    [0;39m [2m:[0;39m At least one JAR was scanned for TLDs yet contained no TLDs. Enable debug logging for this logger for a complete list of JARs that were scanned but no TLDs were found in them. Skipping unneeded JARs during scanning can improve startup time and JSP compilation time.
[2m2020-06-21 02:14:06.297[0;39m [32m INFO[0;39m [35m16572[0;39m [2m---[0;39m [2m[  restartedMain][0;39m [36mo.a.c.c.C.[Tomcat].[localhost].[/]      [0;39m [2m:[0;39m Initializing Spring embedded WebApplicationContext
[2m2020-06-21 02:14:06.298[0;39m [32m INFO[0;39m [35m16572[0;39m [2m---[0;39m [2m[  restartedMain][0;39m [36mo.s.web.context.ContextLoader           [0;39m [2m:[0;39m Root WebApplicationContext: initialization completed in 516 ms
[2m2020-06-21 02:14:06.553[0;39m [32m INFO[0;39m [35m16572[0;39m [2m---[0;39m [2m[  restartedMain][0;39m [36mo.s.s.concurrent.ThreadPoolTaskExecutor [0;39m [2m:[0;39m Initializing ExecutorService 'applicationTaskExecutor'
[2m2020-06-21 02:14:06.588[0;39m [32m INFO[0;39m [35m16572[0;39m [2m---[0;39m [2m[  restartedMain][0;39m [36mo.s.b.a.w.s.WelcomePageHandlerMapping   [0;39m [2m:[0;39m Adding welcome page: class path resource [static/index.html]
[2m2020-06-21 02:14:06.752[0;39m [32m INFO[0;39m [35m16572[0;39m [2m---[0;39m [2m[  restartedMain][0;39m [36mo.s.b.d.a.OptionalLiveReloadServer      [0;39m [2m:[0;39m LiveReload server is running on port 35729
[2m2020-06-21 02:14:06.763[0;39m [32m INFO[0;39m [35m16572[0;39m [2m---[0;39m [2m[  restartedMain][0;39m [36mo.a.coyote.http11.Http11NioProtocol     [0;39m [2m:[0;39m Starting ProtocolHandler ["http-nio-8080"]
[2m2020-06-21 02:14:06.766[0;39m [32m INFO[0;39m [35m16572[0;39m [2m---[0;39m [2m[  restartedMain][0;39m [36mo.s.b.w.embedded.tomcat.TomcatWebServer [0;39m [2m:[0;39m Tomcat started on port(s): 8080 (http) with context path ''
[2m2020-06-21 02:14:06.767[0;39m [32m INFO[0;39m [35m16572[0;39m [2m---[0;39m [2m[  restartedMain][0;39m [36mcom.ssafy.hh.HappyHouseFinalApplication [0;39m [2m:[0;39m Started HappyHouseFinalApplication in 1.022 seconds (JVM running for 9605.44)
[2m2020-06-21 02:14:06.768[0;39m [32m INFO[0;39m [35m16572[0;39m [2m---[0;39m [2m[  restartedMain][0;39m [36m.ConditionEvaluationDeltaLoggingListener[0;39m [2m:[0;39m Condition evaluation unchanged
[2m2020-06-21 02:14:09.253[0;39m [32m INFO[0;39m [35m16572[0;39m [2m---[0;39m [2m[nio-8080-exec-1][0;39m [36mo.a.c.c.C.[Tomcat].[localhost].[/]      [0;39m [2m:[0;39m Initializing Spring DispatcherServlet 'dispatcherServlet'
[2m2020-06-21 02:14:09.254[0;39m [32m INFO[0;39m [35m16572[0;39m [2m---[0;39m [2m[nio-8080-exec-1][0;39m [36mo.s.web.servlet.DispatcherServlet       [0;39m [2m:[0;39m Initializing Servlet 'dispatcherServlet'
[2m2020-06-21 02:14:09.262[0;39m [32m INFO[0;39m [35m16572[0;39m [2m---[0;39m [2m[nio-8080-exec-1][0;39m [36mo.s.web.servlet.DispatcherServlet       [0;39m [2m:[0;39m Completed initialization in 8 ms
[2m2020-06-21 02:14:09.267[0;39m [32m INFO[0;39m [35m16572[0;39m [2m---[0;39m [2m[nio-8080-exec-1][0;39m [36mcom.zaxxer.hikari.HikariDataSource      [0;39m [2m:[0;39m HikariPool-4 - Starting...
[2m2020-06-21 02:14:09.289[0;39m [32m INFO[0;39m [35m16572[0;39m [2m---[0;39m [2m[nio-8080-exec-1][0;39m [36mcom.zaxxer.hikari.HikariDataSource      [0;39m [2m:[0;39m HikariPool-4 - Start completed.
[2m2020-06-21 02:36:32.948[0;39m [32m INFO[0;39m [35m16572[0;39m [2m---[0;39m [2m[on(2)-127.0.0.1][0;39m [36minMXBeanRegistrar$SpringApplicationAdmin[0;39m [2m:[0;39m Application shutdown requested.
[2m2020-06-21 02:36:32.950[0;39m [32m INFO[0;39m [35m16572[0;39m [2m---[0;39m [2m[on(2)-127.0.0.1][0;39m [36mo.s.s.concurrent.ThreadPoolTaskExecutor [0;39m [2m:[0;39m Shutting down ExecutorService 'applicationTaskExecutor'
[2m2020-06-21 02:36:32.950[0;39m [32m INFO[0;39m [35m16572[0;39m [2m---[0;39m [2m[on(2)-127.0.0.1][0;39m [36mcom.zaxxer.hikari.HikariDataSource      [0;39m [2m:[0;39m HikariPool-4 - Shutdown initiated...
[2m2020-06-21 02:36:32.965[0;39m [32m INFO[0;39m [35m16572[0;39m [2m---[0;39m [2m[on(2)-127.0.0.1][0;39m [36mcom.zaxxer.hikari.HikariDataSource      [0;39m [2m:[0;39m HikariPool-4 - Shutdown completed.
